<?xml version="1.0" encoding="UTF-8" standalone="yes"?><!DOCTYPE report PUBLIC "-//JACOCO//DTD Report 1.0//EN" "report.dtd"><report name="URLValidatorInCorrect"><sessioninfo id="Tommy-838a38" start="1527664987904" dump="1527664988708"/><sessioninfo id="Tommy-b35247a6" start="1527665150622" dump="1527665151209"/><sessioninfo id="Tommy-9b83380e" start="1527665287399" dump="1527665288071"/><sessioninfo id="Tommy-d66416e9" start="1527665363799" dump="1527665364377"/><sessioninfo id="Tommy-47a3edfd" start="1527665537607" dump="1527665538348"/><sessioninfo id="Tommy-efab7c13" start="1527665864132" dump="1527665864679"/><sessioninfo id="Tommy-5a5b7769" start="1527666031526" dump="1527666032133"/><sessioninfo id="Tommy-c63c1135" start="1527666102948" dump="1527666103497"/><sessioninfo id="Tommy-f4ea907f" start="1527667684959" dump="1527667685599"/><sessioninfo id="Tommy-2325ac9f" start="1527667839516" dump="1527667840300"/><sessioninfo id="Tommy-47a1d393" start="1527667854465" dump="1527667855289"/><sessioninfo id="Tommy-9ac09ee6" start="1527667876378" dump="1527667877188"/><sessioninfo id="Tommy-e41a26e8" start="1527667897589" dump="1527667898246"/><sessioninfo id="Tommy-b92b3d01" start="1527667922168" dump="1527667922773"/><sessioninfo id="Tommy-4d2ed87c" start="1527667939753" dump="1527667940431"/><sessioninfo id="Tommy-96e21fa4" start="1527667960602" dump="1527667961240"/><sessioninfo id="Tommy-48ec4490" start="1527667977960" dump="1527667978652"/><sessioninfo id="Tommy-52b12e8b" start="1527667997528" dump="1527667998091"/><sessioninfo id="Tommy-35c29dfe" start="1527668015698" dump="1527668016354"/><sessioninfo id="Tommy-72402992" start="1527668029570" dump="1527668030210"/><sessioninfo id="Tommy-d980758c" start="1527668042335" dump="1527668042944"/><sessioninfo id="Tommy-18f4301f" start="1527668056794" dump="1527668057380"/><sessioninfo id="Tommy-12501032" start="1527668071908" dump="1527668072668"/><sessioninfo id="Tommy-11ea9d30" start="1527668086774" dump="1527668087444"/><sessioninfo id="Tommy-6eae6718" start="1527668098429" dump="1527668099023"/><sessioninfo id="Tommy-d6f8685d" start="1527668110876" dump="1527668111525"/><sessioninfo id="Tommy-3d6f8716" start="1527668125875" dump="1527668126488"/><sessioninfo id="Tommy-bb47d2e" start="1527668225230" dump="1527668225943"/><sessioninfo id="Tommy-3081236d" start="1527668258042" dump="1527668258649"/><sessioninfo id="Tommy-88ecd175" start="1527668475825" dump="1527668476563"/><sessioninfo id="Tommy-cd0bca2e" start="1527668508268" dump="1527668508878"/><sessioninfo id="Tommy-38a011aa" start="1527668553409" dump="1527668554019"/><sessioninfo id="Tommy-95960a92" start="1527668577855" dump="1527668578673"/><sessioninfo id="Tommy-cf45583c" start="1527668641835" dump="1527668642593"/><sessioninfo id="Tommy-547d48f1" start="1527668721337" dump="1527668721976"/><sessioninfo id="Tommy-9237ed85" start="1527668807248" dump="1527668807816"/><sessioninfo id="Tommy-c83e5ab8" start="1527668842108" dump="1527668842771"/><sessioninfo id="Tommy-7bbe58cc" start="1527668868729" dump="1527668869416"/><sessioninfo id="Tommy-ac8b46a4" start="1527668949537" dump="1527668950162"/><sessioninfo id="Tommy-f5caa055" start="1527668983527" dump="1527668984136"/><sessioninfo id="Tommy-31090c68" start="1527669012557" dump="1527669013312"/><sessioninfo id="Tommy-c8a439b5" start="1527669042711" dump="1527669043456"/><sessioninfo id="Tommy-94561dc" start="1527669130645" dump="1527669131270"/><sessioninfo id="Tommy-6ef7ba1" start="1527669151679" dump="1527669152287"/><sessioninfo id="Tommy-e0ab08c8" start="1527669191118" dump="1527669191767"/><sessioninfo id="Tommy-49115343" start="1527669226764" dump="1527669227389"/><sessioninfo id="Tommy-267eb2ad" start="1527669294888" dump="1527669295525"/><sessioninfo id="Tommy-87c85419" start="1527669308947" dump="1527669309543"/><sessioninfo id="Tommy-465c00e2" start="1527669340115" dump="1527669340756"/><sessioninfo id="Tommy-3f6da548" start="1527669459066" dump="1527669459738"/><sessioninfo id="Tommy-4aaa62c7" start="1527669498671" dump="1527669499303"/><sessioninfo id="Tommy-9111dab4" start="1527669518380" dump="1527669519092"/><sessioninfo id="Tommy-29e76d16" start="1527669533836" dump="1527669534492"/><sessioninfo id="Tommy-1f06d3c" start="1527669557317" dump="1527669557970"/><sessioninfo id="Tommy-f79210ed" start="1527669603262" dump="1527669603860"/><sessioninfo id="Tommy-fcbac5ee" start="1527669617356" dump="1527669618029"/><sessioninfo id="Tommy-14019e00" start="1527669659749" dump="1527669660447"/><sessioninfo id="Tommy-d47e455a" start="1527669764749" dump="1527669765405"/><sessioninfo id="Tommy-80b46130" start="1527669912621" dump="1527669913200"/><sessioninfo id="Tommy-4b717650" start="1527669999581" dump="1527670000253"/><sessioninfo id="Tommy-fd0238eb" start="1527670021682" dump="1527670022307"/><sessioninfo id="Tommy-6128161" start="1527670040470" dump="1527670041125"/><sessioninfo id="Tommy-b81a12d4" start="1527670058102" dump="1527670058880"/><sessioninfo id="Tommy-188881fe" start="1527670079502" dump="1527670080346"/><sessioninfo id="Tommy-8fce0c06" start="1527670095940" dump="1527670096643"/><sessioninfo id="Tommy-de365fbb" start="1527670108331" dump="1527670109038"/><sessioninfo id="Tommy-ca8f559c" start="1527670148895" dump="1527670149554"/><sessioninfo id="Tommy-550aa377" start="1527670169815" dump="1527670170409"/><sessioninfo id="Tommy-d5798c6c" start="1527753623022" dump="1527753623971"/><sessioninfo id="Tommy-12bd6101" start="1527753948141" dump="1527753949047"/><sessioninfo id="Tommy-fbe12795" start="1527754133607" dump="1527754134232"/><sessioninfo id="Tommy-6ab09dc3" start="1527754189808" dump="1527754190433"/><sessioninfo id="Tommy-90d90656" start="1527754216604" dump="1527754217238"/><sessioninfo id="Tommy-5ae17dde" start="1527754274757" dump="1527754275441"/><sessioninfo id="Tommy-6f344b18" start="1527754340021" dump="1527754340656"/><sessioninfo id="Tommy-f8ab6353" start="1527754613436" dump="1527754614123"/><sessioninfo id="Tommy-caaabbc8" start="1527754639955" dump="1527754640629"/><sessioninfo id="Tommy-2fa244df" start="1527754688088" dump="1527754688822"/><sessioninfo id="Tommy-d5772dd1" start="1527760379009" dump="1527760379950"/><sessioninfo id="Tommy-38367747" start="1527760408461" dump="1527760409421"/><sessioninfo id="Tommy-9acc681f" start="1527760462325" dump="1527760463157"/><sessioninfo id="Tommy-45bd448b" start="1527760539763" dump="1527760540593"/><sessioninfo id="Tommy-f1577e57" start="1527760601727" dump="1527760602717"/><sessioninfo id="Tommy-34a81990" start="1527760746933" dump="1527760748229"/><sessioninfo id="Tommy-5860f43a" start="1527760853643" dump="1527760855607"/><sessioninfo id="Tommy-975b7894" start="1527760882768" dump="1527760884078"/><sessioninfo id="Tommy-6637659" start="1527760994235" dump="1527760995636"/><sessioninfo id="Tommy-466da48d" start="1527761994131" dump="1527761994916"/><sessioninfo id="Tommy-8c7e958e" start="1527762051098" dump="1527762052005"/><sessioninfo id="Tommy-5412fa45" start="1527762103455" dump="1527762104397"/><sessioninfo id="Tommy-31d69871" start="1527762444566" dump="1527762445405"/><sessioninfo id="Tommy-95f77647" start="1527762491613" dump="1527762495308"/><sessioninfo id="Tommy-7af5202f" start="1527762616801" dump="1527762620636"/><sessioninfo id="Tommy-3842d1ea" start="1527762731654" dump="1527762735431"/><sessioninfo id="Tommy-eb78279f" start="1527762788893" dump="1527762792836"/><sessioninfo id="Tommy-43c1e1c6" start="1527762841548" dump="1527762842358"/><sessioninfo id="Tommy-b5907d25" start="1527762867729" dump="1527762868500"/><sessioninfo id="Tommy-9027cb87" start="1527763202007" dump="1527763204755"/><package name="finalprojectB"><class name="finalprojectB/DomainValidator$ArrayType"><method name="&lt;init&gt;" desc="(Ljava/lang/String;I)V" line="1866"><counter type="INSTRUCTION" missed="5" covered="0"/><counter type="LINE" missed="1" covered="0"/><counter type="COMPLEXITY" missed="1" covered="0"/><counter type="METHOD" missed="1" covered="0"/></method><method name="&lt;clinit&gt;" desc="()V" line="1866"><counter type="INSTRUCTION" missed="84" covered="0"/><counter type="LINE" missed="9" covered="0"/><counter type="COMPLEXITY" missed="1" covered="0"/><counter type="METHOD" missed="1" covered="0"/></method><counter type="INSTRUCTION" missed="89" covered="0"/><counter type="LINE" missed="9" covered="0"/><counter type="COMPLEXITY" missed="2" covered="0"/><counter type="METHOD" missed="2" covered="0"/><counter type="CLASS" missed="1" covered="0"/></class><class name="finalprojectB/InetAddressValidator"><method name="&lt;init&gt;" desc="()V" line="36"><counter type="INSTRUCTION" missed="9" covered="0"/><counter type="LINE" missed="2" covered="0"/><counter type="COMPLEXITY" missed="1" covered="0"/><counter type="METHOD" missed="1" covered="0"/></method><method name="getInstance" desc="()LfinalprojectB/InetAddressValidator;" line="68"><counter type="INSTRUCTION" missed="2" covered="0"/><counter type="LINE" missed="1" covered="0"/><counter type="COMPLEXITY" missed="1" covered="0"/><counter type="METHOD" missed="1" covered="0"/></method><method name="isValid" desc="(Ljava/lang/String;)Z" line="77"><counter type="INSTRUCTION" missed="12" covered="0"/><counter type="BRANCH" missed="4" covered="0"/><counter type="LINE" missed="1" covered="0"/><counter type="COMPLEXITY" missed="3" covered="0"/><counter type="METHOD" missed="1" covered="0"/></method><method name="isValidInet4Address" desc="(Ljava/lang/String;)Z" line="87"><counter type="INSTRUCTION" missed="58" covered="0"/><counter type="BRANCH" missed="14" covered="0"/><counter type="LINE" missed="16" covered="0"/><counter type="COMPLEXITY" missed="8" covered="0"/><counter type="METHOD" missed="1" covered="0"/></method><method name="isValidInet6Address" desc="(Ljava/lang/String;)Z" line="127"><counter type="INSTRUCTION" missed="159" covered="0"/><counter type="BRANCH" missed="46" covered="0"/><counter type="LINE" missed="43" covered="0"/><counter type="COMPLEXITY" missed="24" covered="0"/><counter type="METHOD" missed="1" covered="0"/></method><method name="&lt;clinit&gt;" desc="()V" line="58"><counter type="INSTRUCTION" missed="5" covered="0"/><counter type="LINE" missed="1" covered="0"/><counter type="COMPLEXITY" missed="1" covered="0"/><counter type="METHOD" missed="1" covered="0"/></method><counter type="INSTRUCTION" missed="245" covered="0"/><counter type="BRANCH" missed="64" covered="0"/><counter type="LINE" missed="64" covered="0"/><counter type="COMPLEXITY" missed="38" covered="0"/><counter type="METHOD" missed="6" covered="0"/><counter type="CLASS" missed="1" covered="0"/></class><class name="finalprojectB/RegexValidator"><method name="&lt;init&gt;" desc="(Ljava/lang/String;)V" line="83"><counter type="INSTRUCTION" missed="5" covered="0"/><counter type="LINE" missed="2" covered="0"/><counter type="COMPLEXITY" missed="1" covered="0"/><counter type="METHOD" missed="1" covered="0"/></method><method name="&lt;init&gt;" desc="(Ljava/lang/String;Z)V" line="96"><counter type="INSTRUCTION" missed="10" covered="0"/><counter type="LINE" missed="2" covered="0"/><counter type="COMPLEXITY" missed="1" covered="0"/><counter type="METHOD" missed="1" covered="0"/></method><method name="&lt;init&gt;" desc="([Ljava/lang/String;)V" line="107"><counter type="INSTRUCTION" missed="5" covered="0"/><counter type="LINE" missed="2" covered="0"/><counter type="COMPLEXITY" missed="1" covered="0"/><counter type="METHOD" missed="1" covered="0"/></method><method name="&lt;init&gt;" desc="([Ljava/lang/String;Z)V" line="119"><counter type="INSTRUCTION" missed="57" covered="9"/><counter type="BRANCH" missed="11" covered="1"/><counter type="LINE" missed="7" covered="3"/><counter type="COMPLEXITY" missed="6" covered="1"/><counter type="METHOD" missed="0" covered="1"/></method><method name="isValid" desc="(Ljava/lang/String;)Z" line="141"><counter type="INSTRUCTION" missed="25" covered="0"/><counter type="BRANCH" missed="6" covered="0"/><counter type="LINE" missed="6" covered="0"/><counter type="COMPLEXITY" missed="4" covered="0"/><counter type="METHOD" missed="1" covered="0"/></method><method name="match" desc="(Ljava/lang/String;)[Ljava/lang/String;" line="161"><counter type="INSTRUCTION" missed="48" covered="0"/><counter type="BRANCH" missed="8" covered="0"/><counter type="LINE" missed="11" covered="0"/><counter type="COMPLEXITY" missed="5" covered="0"/><counter type="METHOD" missed="1" covered="0"/></method><method name="validate" desc="(Ljava/lang/String;)Ljava/lang/String;" line="188"><counter type="INSTRUCTION" missed="61" covered="0"/><counter type="BRANCH" missed="12" covered="0"/><counter type="LINE" missed="15" covered="0"/><counter type="COMPLEXITY" missed="7" covered="0"/><counter type="METHOD" missed="1" covered="0"/></method><method name="toString" desc="()Ljava/lang/String;" line="217"><counter type="INSTRUCTION" missed="38" covered="0"/><counter type="BRANCH" missed="4" covered="0"/><counter type="LINE" missed="8" covered="0"/><counter type="COMPLEXITY" missed="3" covered="0"/><counter type="METHOD" missed="1" covered="0"/></method><counter type="INSTRUCTION" missed="249" covered="9"/><counter type="BRANCH" missed="41" covered="1"/><counter type="LINE" missed="53" covered="3"/><counter type="COMPLEXITY" missed="28" covered="1"/><counter type="METHOD" missed="7" covered="1"/><counter type="CLASS" missed="0" covered="1"/></class><class name="finalprojectB/DomainValidator$1"><method name="&lt;clinit&gt;" desc="()V" line="1927"><counter type="INSTRUCTION" missed="61" covered="0"/><counter type="LINE" missed="1" covered="0"/><counter type="COMPLEXITY" missed="1" covered="0"/><counter type="METHOD" missed="1" covered="0"/></method><counter type="INSTRUCTION" missed="61" covered="0"/><counter type="LINE" missed="1" covered="0"/><counter type="COMPLEXITY" missed="1" covered="0"/><counter type="METHOD" missed="1" covered="0"/><counter type="CLASS" missed="1" covered="0"/></class><class name="finalprojectB/ResultPair"><method name="&lt;init&gt;" desc="(Ljava/lang/String;Z)V" line="28"><counter type="INSTRUCTION" missed="13" covered="0"/><counter type="BRANCH" missed="2" covered="0"/><counter type="LINE" missed="4" covered="0"/><counter type="COMPLEXITY" missed="2" covered="0"/><counter type="METHOD" missed="1" covered="0"/></method><counter type="INSTRUCTION" missed="13" covered="0"/><counter type="BRANCH" missed="2" covered="0"/><counter type="LINE" missed="4" covered="0"/><counter type="COMPLEXITY" missed="2" covered="0"/><counter type="METHOD" missed="1" covered="0"/><counter type="CLASS" missed="1" covered="0"/></class><class name="finalprojectB/DomainValidator$IDNBUGHOLDER"><method name="keepsTrailingDot" desc="()Z" line="2033"><counter type="INSTRUCTION" missed="7" covered="0"/><counter type="LINE" missed="2" covered="0"/><counter type="COMPLEXITY" missed="1" covered="0"/><counter type="METHOD" missed="1" covered="0"/></method><method name="&lt;clinit&gt;" desc="()V" line="2036"><counter type="INSTRUCTION" missed="3" covered="0"/><counter type="LINE" missed="1" covered="0"/><counter type="COMPLEXITY" missed="1" covered="0"/><counter type="METHOD" missed="1" covered="0"/></method><counter type="INSTRUCTION" missed="10" covered="0"/><counter type="LINE" missed="3" covered="0"/><counter type="COMPLEXITY" missed="2" covered="0"/><counter type="METHOD" missed="2" covered="0"/><counter type="CLASS" missed="1" covered="0"/></class><class name="finalprojectB/DomainValidator"><method name="getInstance" desc="()LfinalprojectB/DomainValidator;" line="122"><counter type="INSTRUCTION" missed="4" covered="0"/><counter type="LINE" missed="2" covered="0"/><counter type="COMPLEXITY" missed="1" covered="0"/><counter type="METHOD" missed="1" covered="0"/></method><method name="getInstance" desc="(Z)LfinalprojectB/DomainValidator;" line="133"><counter type="INSTRUCTION" missed="8" covered="0"/><counter type="BRANCH" missed="2" covered="0"/><counter type="LINE" missed="4" covered="0"/><counter type="COMPLEXITY" missed="2" covered="0"/><counter type="METHOD" missed="1" covered="0"/></method><method name="&lt;init&gt;" desc="(Z)V" line="107"><counter type="INSTRUCTION" missed="16" covered="2"/><counter type="LINE" missed="4" covered="1"/><counter type="COMPLEXITY" missed="0" covered="1"/><counter type="METHOD" missed="0" covered="1"/></method><method name="isValid" desc="(Ljava/lang/String;)Z" line="153"><counter type="INSTRUCTION" missed="45" covered="0"/><counter type="BRANCH" missed="14" covered="0"/><counter type="LINE" missed="9" covered="0"/><counter type="COMPLEXITY" missed="8" covered="0"/><counter type="METHOD" missed="1" covered="0"/></method><method name="isValidDomainSyntax" desc="(Ljava/lang/String;)Z" line="174"><counter type="INSTRUCTION" missed="32" covered="0"/><counter type="BRANCH" missed="10" covered="0"/><counter type="LINE" missed="8" covered="0"/><counter type="COMPLEXITY" missed="6" covered="0"/><counter type="METHOD" missed="1" covered="0"/></method><method name="isValidTld" desc="(Ljava/lang/String;)Z" line="198"><counter type="INSTRUCTION" missed="28" covered="0"/><counter type="BRANCH" missed="10" covered="0"/><counter type="LINE" missed="6" covered="0"/><counter type="COMPLEXITY" missed="6" covered="0"/><counter type="METHOD" missed="1" covered="0"/></method><method name="isValidInfrastructureTld" desc="(Ljava/lang/String;)Z" line="215"><counter type="INSTRUCTION" missed="11" covered="0"/><counter type="LINE" missed="2" covered="0"/><counter type="COMPLEXITY" missed="1" covered="0"/><counter type="METHOD" missed="1" covered="0"/></method><method name="isValidGenericTld" desc="(Ljava/lang/String;)Z" line="227"><counter type="INSTRUCTION" missed="23" covered="0"/><counter type="BRANCH" missed="6" covered="0"/><counter type="LINE" missed="3" covered="0"/><counter type="COMPLEXITY" missed="4" covered="0"/><counter type="METHOD" missed="1" covered="0"/></method><method name="isValidCountryCodeTld" desc="(Ljava/lang/String;)Z" line="240"><counter type="INSTRUCTION" missed="23" covered="0"/><counter type="BRANCH" missed="6" covered="0"/><counter type="LINE" missed="3" covered="0"/><counter type="COMPLEXITY" missed="4" covered="0"/><counter type="METHOD" missed="1" covered="0"/></method><method name="isValidLocalTld" desc="(Ljava/lang/String;)Z" line="253"><counter type="INSTRUCTION" missed="11" covered="0"/><counter type="LINE" missed="2" covered="0"/><counter type="COMPLEXITY" missed="1" covered="0"/><counter type="METHOD" missed="1" covered="0"/></method><method name="chompLeadingDot" desc="(Ljava/lang/String;)Ljava/lang/String;" line="258"><counter type="INSTRUCTION" missed="10" covered="0"/><counter type="BRANCH" missed="2" covered="0"/><counter type="LINE" missed="3" covered="0"/><counter type="COMPLEXITY" missed="2" covered="0"/><counter type="METHOD" missed="1" covered="0"/></method><method name="clearTLDOverrides" desc="()V" line="1888"><counter type="INSTRUCTION" missed="11" covered="0"/><counter type="LINE" missed="6" covered="0"/><counter type="COMPLEXITY" missed="1" covered="0"/><counter type="METHOD" missed="1" covered="0"/></method><method name="updateTLDOverride" desc="(LfinalprojectB/DomainValidator$ArrayType;[Ljava/lang/String;)V" line="1918"><counter type="INSTRUCTION" missed="71" covered="0"/><counter type="BRANCH" missed="10" covered="0"/><counter type="LINE" missed="18" covered="0"/><counter type="COMPLEXITY" missed="8" covered="0"/><counter type="METHOD" missed="1" covered="0"/></method><method name="getTLDEntries" desc="(LfinalprojectB/DomainValidator$ArrayType;)[Ljava/lang/String;" line="1959"><counter type="INSTRUCTION" missed="47" covered="0"/><counter type="BRANCH" missed="9" covered="0"/><counter type="LINE" missed="19" covered="0"/><counter type="COMPLEXITY" missed="9" covered="0"/><counter type="METHOD" missed="1" covered="0"/></method><method name="unicodeToASCII" desc="(Ljava/lang/String;)Ljava/lang/String;" line="1999"><counter type="INSTRUCTION" missed="41" covered="0"/><counter type="BRANCH" missed="8" covered="0"/><counter type="LINE" missed="14" covered="0"/><counter type="COMPLEXITY" missed="5" covered="0"/><counter type="METHOD" missed="1" covered="0"/></method><method name="isOnlyASCII" desc="(Ljava/lang/String;)Z" line="2044"><counter type="INSTRUCTION" missed="21" covered="0"/><counter type="BRANCH" missed="6" covered="0"/><counter type="LINE" missed="6" covered="0"/><counter type="COMPLEXITY" missed="4" covered="0"/><counter type="METHOD" missed="1" covered="0"/></method><method name="arrayContains" desc="([Ljava/lang/String;Ljava/lang/String;)Z" line="2063"><counter type="INSTRUCTION" missed="8" covered="0"/><counter type="BRANCH" missed="2" covered="0"/><counter type="LINE" missed="1" covered="0"/><counter type="COMPLEXITY" missed="2" covered="0"/><counter type="METHOD" missed="1" covered="0"/></method><method name="&lt;clinit&gt;" desc="()V" line="67"><counter type="INSTRUCTION" missed="6153" covered="3"/><counter type="LINE" missed="11" covered="1"/><counter type="COMPLEXITY" missed="0" covered="1"/><counter type="METHOD" missed="0" covered="1"/></method><counter type="INSTRUCTION" missed="6563" covered="5"/><counter type="BRANCH" missed="85" covered="0"/><counter type="LINE" missed="121" covered="2"/><counter type="COMPLEXITY" missed="64" covered="2"/><counter type="METHOD" missed="16" covered="2"/><counter type="CLASS" missed="0" covered="1"/></class><class name="finalprojectB/UrlValidator"><method name="getInstance" desc="()LfinalprojectB/UrlValidator;" line="206"><counter type="INSTRUCTION" missed="2" covered="0"/><counter type="LINE" missed="1" covered="0"/><counter type="COMPLEXITY" missed="1" covered="0"/><counter type="METHOD" missed="1" covered="0"/></method><method name="&lt;init&gt;" desc="()V" line="213"><counter type="INSTRUCTION" missed="0" covered="4"/><counter type="LINE" missed="0" covered="2"/><counter type="COMPLEXITY" missed="0" covered="1"/><counter type="METHOD" missed="0" covered="1"/></method><method name="&lt;init&gt;" desc="([Ljava/lang/String;)V" line="225"><counter type="INSTRUCTION" missed="0" covered="5"/><counter type="LINE" missed="0" covered="2"/><counter type="COMPLEXITY" missed="0" covered="1"/><counter type="METHOD" missed="0" covered="1"/></method><method name="&lt;init&gt;" desc="(J)V" line="235"><counter type="INSTRUCTION" missed="6" covered="0"/><counter type="LINE" missed="2" covered="0"/><counter type="COMPLEXITY" missed="1" covered="0"/><counter type="METHOD" missed="1" covered="0"/></method><method name="&lt;init&gt;" desc="([Ljava/lang/String;J)V" line="246"><counter type="INSTRUCTION" missed="0" covered="6"/><counter type="LINE" missed="0" covered="2"/><counter type="COMPLEXITY" missed="0" covered="1"/><counter type="METHOD" missed="0" covered="1"/></method><method name="&lt;init&gt;" desc="(LfinalprojectB/RegexValidator;J)V" line="259"><counter type="INSTRUCTION" missed="6" covered="0"/><counter type="LINE" missed="2" covered="0"/><counter type="COMPLEXITY" missed="1" covered="0"/><counter type="METHOD" missed="1" covered="0"/></method><method name="&lt;init&gt;" desc="([Ljava/lang/String;LfinalprojectB/RegexValidator;J)V" line="271"><counter type="INSTRUCTION" missed="0" covered="45"/><counter type="BRANCH" missed="0" covered="6"/><counter type="LINE" missed="0" covered="11"/><counter type="COMPLEXITY" missed="0" covered="4"/><counter type="METHOD" missed="0" covered="1"/></method><method name="isValid" desc="(Ljava/lang/String;)Z" line="301"><counter type="INSTRUCTION" missed="4" covered="67"/><counter type="BRANCH" missed="3" covered="17"/><counter type="LINE" missed="2" covered="20"/><counter type="COMPLEXITY" missed="3" covered="8"/><counter type="METHOD" missed="0" covered="1"/></method><method name="isValidScheme" desc="(Ljava/lang/String;)Z" line="358"><counter type="INSTRUCTION" missed="0" covered="26"/><counter type="BRANCH" missed="1" covered="7"/><counter type="LINE" missed="0" covered="7"/><counter type="COMPLEXITY" missed="1" covered="4"/><counter type="METHOD" missed="0" covered="1"/></method><method name="isValidAuthority" desc="(Ljava/lang/String;)Z" line="385"><counter type="INSTRUCTION" missed="92" covered="7"/><counter type="BRANCH" missed="25" covered="3"/><counter type="LINE" missed="29" covered="3"/><counter type="COMPLEXITY" missed="13" covered="2"/><counter type="METHOD" missed="0" covered="1"/></method><method name="isValidPath" desc="(Ljava/lang/String;)Z" line="448"><counter type="INSTRUCTION" missed="9" covered="43"/><counter type="BRANCH" missed="4" covered="8"/><counter type="LINE" missed="5" covered="11"/><counter type="COMPLEXITY" missed="4" covered="3"/><counter type="METHOD" missed="0" covered="1"/></method><method name="isValidQuery" desc="(Ljava/lang/String;)Z" line="481"><counter type="INSTRUCTION" missed="0" covered="9"/><counter type="BRANCH" missed="0" covered="2"/><counter type="LINE" missed="0" covered="3"/><counter type="COMPLEXITY" missed="0" covered="2"/><counter type="METHOD" missed="0" covered="1"/></method><method name="isValidFragment" desc="(Ljava/lang/String;)Z" line="494"><counter type="INSTRUCTION" missed="0" covered="8"/><counter type="BRANCH" missed="0" covered="2"/><counter type="LINE" missed="0" covered="3"/><counter type="COMPLEXITY" missed="0" covered="2"/><counter type="METHOD" missed="0" covered="1"/></method><method name="countToken" desc="(Ljava/lang/String;Ljava/lang/String;)I" line="508"><counter type="INSTRUCTION" missed="3" covered="17"/><counter type="BRANCH" missed="1" covered="3"/><counter type="LINE" missed="2" covered="6"/><counter type="COMPLEXITY" missed="1" covered="2"/><counter type="METHOD" missed="0" covered="1"/></method><method name="isOn" desc="(J)Z" line="529"><counter type="INSTRUCTION" missed="0" covered="11"/><counter type="BRANCH" missed="0" covered="2"/><counter type="LINE" missed="0" covered="1"/><counter type="COMPLEXITY" missed="0" covered="2"/><counter type="METHOD" missed="0" covered="1"/></method><method name="isOff" desc="(J)Z" line="541"><counter type="INSTRUCTION" missed="0" covered="11"/><counter type="BRANCH" missed="0" covered="2"/><counter type="LINE" missed="0" covered="1"/><counter type="COMPLEXITY" missed="0" covered="2"/><counter type="METHOD" missed="0" covered="1"/></method><method name="matchURL" desc="(Ljava/lang/String;)Ljava/util/regex/Matcher;" line="546"><counter type="INSTRUCTION" missed="4" covered="0"/><counter type="LINE" missed="1" covered="0"/><counter type="COMPLEXITY" missed="1" covered="0"/><counter type="METHOD" missed="1" covered="0"/></method><method name="&lt;clinit&gt;" desc="()V" line="112"><counter type="INSTRUCTION" missed="0" covered="35"/><counter type="LINE" missed="0" covered="7"/><counter type="COMPLEXITY" missed="0" covered="1"/><counter type="METHOD" missed="0" covered="1"/></method><counter type="INSTRUCTION" missed="126" covered="294"/><counter type="BRANCH" missed="34" covered="52"/><counter type="LINE" missed="44" covered="79"/><counter type="COMPLEXITY" missed="26" covered="35"/><counter type="METHOD" missed="4" covered="14"/><counter type="CLASS" missed="0" covered="1"/></class><sourcefile name="UrlValidator.java"><line nr="112" mi="0" ci="3" mb="0" cb="0"/><line nr="134" mi="0" ci="3" mb="0" cb="0"/><line nr="154" mi="0" ci="3" mb="0" cb="0"/><line nr="168" mi="0" ci="3" mb="0" cb="0"/><line nr="171" mi="0" ci="3" mb="0" cb="0"/><line nr="192" mi="0" ci="15" mb="0" cb="0"/><line nr="199" mi="0" ci="5" mb="0" cb="0"/><line nr="206" mi="2" ci="0" mb="0" cb="0"/><line nr="213" mi="0" ci="3" mb="0" cb="0"/><line nr="214" mi="0" ci="1" mb="0" cb="0"/><line nr="225" mi="0" ci="4" mb="0" cb="0"/><line nr="226" mi="0" ci="1" mb="0" cb="0"/><line nr="235" mi="5" ci="0" mb="0" cb="0"/><line nr="236" mi="1" ci="0" mb="0" cb="0"/><line nr="246" mi="0" ci="5" mb="0" cb="0"/><line nr="247" mi="0" ci="1" mb="0" cb="0"/><line nr="259" mi="5" ci="0" mb="0" cb="0"/><line nr="260" mi="1" ci="0" mb="0" cb="0"/><line nr="271" mi="0" ci="2" mb="0" cb="0"/><line nr="272" mi="0" ci="3" mb="0" cb="0"/><line nr="274" mi="0" ci="4" mb="0" cb="2"/><line nr="275" mi="0" ci="4" mb="0" cb="0"/><line nr="277" mi="0" ci="2" mb="0" cb="2"/><line nr="278" mi="0" ci="2" mb="0" cb="0"/><line nr="280" mi="0" ci="7" mb="0" cb="0"/><line nr="281" mi="0" ci="8" mb="0" cb="2"/><line nr="282" mi="0" ci="9" mb="0" cb="0"/><line nr="287" mi="0" ci="3" mb="0" cb="0"/><line nr="288" mi="0" ci="1" mb="0" cb="0"/><line nr="301" mi="0" ci="2" mb="0" cb="2"/><line nr="302" mi="0" ci="2" mb="0" cb="0"/><line nr="306" mi="0" ci="4" mb="0" cb="0"/><line nr="307" mi="0" ci="3" mb="1" cb="1"/><line nr="308" mi="2" ci="0" mb="0" cb="0"/><line nr="311" mi="0" ci="4" mb="0" cb="0"/><line nr="313" mi="0" ci="4" mb="0" cb="2"/><line nr="314" mi="0" ci="2" mb="0" cb="0"/><line nr="317" mi="0" ci="4" mb="0" cb="0"/><line nr="319" mi="0" ci="4" mb="0" cb="2"/><line nr="320" mi="0" ci="2" mb="0" cb="2"/><line nr="321" mi="0" ci="4" mb="1" cb="1"/><line nr="322" mi="2" ci="0" mb="0" cb="0"/><line nr="328" mi="0" ci="4" mb="1" cb="1"/><line nr="329" mi="0" ci="2" mb="0" cb="0"/><line nr="333" mi="0" ci="6" mb="0" cb="2"/><line nr="334" mi="0" ci="2" mb="0" cb="0"/><line nr="337" mi="0" ci="6" mb="0" cb="2"/><line nr="338" mi="0" ci="2" mb="0" cb="0"/><line nr="341" mi="0" ci="6" mb="0" cb="2"/><line nr="342" mi="0" ci="2" mb="0" cb="0"/><line nr="345" mi="0" ci="2" mb="0" cb="0"/><line nr="358" mi="0" ci="2" mb="0" cb="2"/><line nr="359" mi="0" ci="2" mb="0" cb="0"/><line nr="363" mi="0" ci="5" mb="0" cb="2"/><line nr="364" mi="0" ci="2" mb="0" cb="0"/><line nr="367" mi="0" ci="11" mb="1" cb="3"/><line nr="368" mi="0" ci="2" mb="0" cb="0"/><line nr="371" mi="0" ci="2" mb="0" cb="0"/><line nr="385" mi="0" ci="2" mb="0" cb="2"/><line nr="386" mi="0" ci="2" mb="0" cb="0"/><line nr="390" mi="5" ci="3" mb="3" cb="1"/><line nr="391" mi="2" ci="0" mb="0" cb="0"/><line nr="394" mi="3" ci="0" mb="0" cb="0"/><line nr="396" mi="4" ci="0" mb="0" cb="0"/><line nr="397" mi="3" ci="0" mb="2" cb="0"/><line nr="398" mi="2" ci="0" mb="0" cb="0"/><line nr="402" mi="4" ci="0" mb="0" cb="0"/><line nr="403" mi="2" ci="0" mb="2" cb="0"/><line nr="404" mi="2" ci="0" mb="0" cb="0"/><line nr="405" mi="4" ci="0" mb="2" cb="0"/><line nr="406" mi="2" ci="0" mb="0" cb="0"/><line nr="408" mi="1" ci="0" mb="0" cb="0"/><line nr="409" mi="4" ci="0" mb="0" cb="0"/><line nr="412" mi="5" ci="0" mb="0" cb="0"/><line nr="413" mi="4" ci="0" mb="2" cb="0"/><line nr="415" mi="2" ci="0" mb="0" cb="0"/><line nr="416" mi="4" ci="0" mb="2" cb="0"/><line nr="418" mi="2" ci="0" mb="0" cb="0"/><line nr="421" mi="4" ci="0" mb="0" cb="0"/><line nr="422" mi="5" ci="0" mb="4" cb="0"/><line nr="424" mi="3" ci="0" mb="0" cb="0"/><line nr="425" mi="5" ci="0" mb="4" cb="0"/><line nr="426" mi="2" ci="0" mb="0" cb="0"/><line nr="428" mi="1" ci="0" mb="0" cb="0"/><line nr="429" mi="2" ci="0" mb="0" cb="0"/><line nr="430" mi="1" ci="0" mb="0" cb="0"/><line nr="434" mi="4" ci="0" mb="0" cb="0"/><line nr="435" mi="6" ci="0" mb="4" cb="0"/><line nr="436" mi="2" ci="0" mb="0" cb="0"/><line nr="439" mi="2" ci="0" mb="0" cb="0"/><line nr="448" mi="0" ci="2" mb="1" cb="1"/><line nr="449" mi="2" ci="0" mb="0" cb="0"/><line nr="452" mi="0" ci="5" mb="0" cb="2"/><line nr="453" mi="0" ci="2" mb="0" cb="0"/><line nr="457" mi="0" ci="8" mb="0" cb="0"/><line nr="458" mi="0" ci="4" mb="0" cb="0"/><line nr="459" mi="0" ci="6" mb="1" cb="1"/><line nr="460" mi="0" ci="2" mb="1" cb="1"/><line nr="461" mi="2" ci="0" mb="0" cb="0"/><line nr="463" mi="1" ci="0" mb="0" cb="0"/><line nr="464" mi="2" ci="0" mb="0" cb="0"/><line nr="465" mi="0" ci="1" mb="0" cb="0"/><line nr="467" mi="0" ci="5" mb="0" cb="0"/><line nr="468" mi="0" ci="6" mb="1" cb="3"/><line nr="469" mi="2" ci="0" mb="0" cb="0"/><line nr="472" mi="0" ci="2" mb="0" cb="0"/><line nr="481" mi="0" ci="2" mb="0" cb="2"/><line nr="482" mi="0" ci="2" mb="0" cb="0"/><line nr="485" mi="0" ci="5" mb="0" cb="0"/><line nr="494" mi="0" ci="2" mb="0" cb="2"/><line nr="495" mi="0" ci="2" mb="0" cb="0"/><line nr="498" mi="0" ci="4" mb="0" cb="0"/><line nr="508" mi="0" ci="2" mb="0" cb="0"/><line nr="509" mi="0" ci="2" mb="0" cb="0"/><line nr="510" mi="0" ci="3" mb="0" cb="2"/><line nr="511" mi="0" ci="5" mb="0" cb="0"/><line nr="512" mi="0" ci="3" mb="1" cb="1"/><line nr="513" mi="1" ci="0" mb="0" cb="0"/><line nr="514" mi="2" ci="0" mb="0" cb="0"/><line nr="517" mi="0" ci="2" mb="0" cb="0"/><line nr="529" mi="0" ci="11" mb="0" cb="2"/><line nr="541" mi="0" ci="11" mb="0" cb="2"/><line nr="546" mi="4" ci="0" mb="0" cb="0"/><counter type="INSTRUCTION" missed="126" covered="294"/><counter type="BRANCH" missed="34" covered="52"/><counter type="LINE" missed="44" covered="79"/><counter type="COMPLEXITY" missed="26" covered="35"/><counter type="METHOD" missed="4" covered="14"/><counter type="CLASS" missed="0" covered="1"/></sourcefile><sourcefile name="ResultPair.java"><line nr="28" mi="2" ci="0" mb="0" cb="0"/><line nr="29" mi="3" ci="0" mb="0" cb="0"/><line nr="30" mi="7" ci="0" mb="2" cb="0"/><line nr="31" mi="1" ci="0" mb="0" cb="0"/><counter type="INSTRUCTION" missed="13" covered="0"/><counter type="BRANCH" missed="2" covered="0"/><counter type="LINE" missed="4" covered="0"/><counter type="COMPLEXITY" missed="2" covered="0"/><counter type="METHOD" missed="1" covered="0"/><counter type="CLASS" missed="1" covered="0"/></sourcefile><sourcefile name="DomainValidator.java"><line nr="67" mi="0" ci="3" mb="0" cb="0"/><line nr="96" mi="5" ci="0" mb="0" cb="0"/><line nr="102" mi="5" ci="0" mb="0" cb="0"/><line nr="107" mi="6" ci="0" mb="0" cb="0"/><line nr="113" mi="6" ci="0" mb="0" cb="0"/><line nr="122" mi="2" ci="0" mb="0" cb="0"/><line nr="123" mi="2" ci="0" mb="0" cb="0"/><line nr="133" mi="2" ci="0" mb="0" cb="0"/><line nr="134" mi="2" ci="0" mb="2" cb="0"/><line nr="135" mi="2" ci="0" mb="0" cb="0"/><line nr="137" mi="2" ci="0" mb="0" cb="0"/><line nr="141" mi="0" ci="2" mb="0" cb="0"/><line nr="142" mi="3" ci="0" mb="0" cb="0"/><line nr="143" mi="1" ci="0" mb="0" cb="0"/><line nr="153" mi="2" ci="0" mb="2" cb="0"/><line nr="154" mi="2" ci="0" mb="0" cb="0"/><line nr="156" mi="3" ci="0" mb="0" cb="0"/><line nr="161" mi="4" ci="0" mb="2" cb="0"/><line nr="162" mi="2" ci="0" mb="0" cb="0"/><line nr="164" mi="5" ci="0" mb="0" cb="0"/><line nr="165" mi="5" ci="0" mb="4" cb="0"/><line nr="166" mi="10" ci="0" mb="2" cb="0"/><line nr="168" mi="12" ci="0" mb="4" cb="0"/><line nr="174" mi="2" ci="0" mb="2" cb="0"/><line nr="175" mi="2" ci="0" mb="0" cb="0"/><line nr="177" mi="3" ci="0" mb="0" cb="0"/><line nr="182" mi="4" ci="0" mb="2" cb="0"/><line nr="183" mi="2" ci="0" mb="0" cb="0"/><line nr="185" mi="5" ci="0" mb="0" cb="0"/><line nr="186" mi="9" ci="0" mb="4" cb="0"/><line nr="187" mi="5" ci="0" mb="2" cb="0"/><line nr="198" mi="3" ci="0" mb="0" cb="0"/><line nr="199" mi="7" ci="0" mb="4" cb="0"/><line nr="200" mi="2" ci="0" mb="0" cb="0"/><line nr="202" mi="7" ci="0" mb="2" cb="0"/><line nr="203" mi="4" ci="0" mb="2" cb="0"/><line nr="204" mi="5" ci="0" mb="2" cb="0"/><line nr="215" mi="7" ci="0" mb="0" cb="0"/><line nr="216" mi="4" ci="0" mb="0" cb="0"/><line nr="227" mi="7" ci="0" mb="0" cb="0"/><line nr="228" mi="11" ci="0" mb="4" cb="0"/><line nr="229" mi="5" ci="0" mb="2" cb="0"/><line nr="240" mi="7" ci="0" mb="0" cb="0"/><line nr="241" mi="11" ci="0" mb="4" cb="0"/><line nr="242" mi="5" ci="0" mb="2" cb="0"/><line nr="253" mi="7" ci="0" mb="0" cb="0"/><line nr="254" mi="4" ci="0" mb="0" cb="0"/><line nr="258" mi="4" ci="0" mb="2" cb="0"/><line nr="259" mi="4" ci="0" mb="0" cb="0"/><line nr="261" mi="2" ci="0" mb="0" cb="0"/><line nr="280" mi="7" ci="0" mb="0" cb="0"/><line nr="285" mi="4939" ci="0" mb="0" cb="0"/><line nr="1528" mi="1175" ci="0" mb="0" cb="0"/><line nr="1827" mi="11" ci="0" mb="0" cb="0"/><line nr="1841" mi="2" ci="0" mb="0" cb="0"/><line nr="1849" mi="2" ci="0" mb="0" cb="0"/><line nr="1852" mi="2" ci="0" mb="0" cb="0"/><line nr="1855" mi="2" ci="0" mb="0" cb="0"/><line nr="1858" mi="3" ci="0" mb="0" cb="0"/><line nr="1866" mi="41" ci="0" mb="0" cb="0"/><line nr="1868" mi="6" ci="0" mb="0" cb="0"/><line nr="1870" mi="6" ci="0" mb="0" cb="0"/><line nr="1872" mi="6" ci="0" mb="0" cb="0"/><line nr="1874" mi="6" ci="0" mb="0" cb="0"/><line nr="1876" mi="6" ci="0" mb="0" cb="0"/><line nr="1878" mi="6" ci="0" mb="0" cb="0"/><line nr="1880" mi="6" ci="0" mb="0" cb="0"/><line nr="1882" mi="6" ci="0" mb="0" cb="0"/><line nr="1888" mi="2" ci="0" mb="0" cb="0"/><line nr="1889" mi="2" ci="0" mb="0" cb="0"/><line nr="1890" mi="2" ci="0" mb="0" cb="0"/><line nr="1891" mi="2" ci="0" mb="0" cb="0"/><line nr="1892" mi="2" ci="0" mb="0" cb="0"/><line nr="1893" mi="1" ci="0" mb="0" cb="0"/><line nr="1918" mi="2" ci="0" mb="2" cb="0"/><line nr="1919" mi="5" ci="0" mb="0" cb="0"/><line nr="1921" mi="4" ci="0" mb="0" cb="0"/><line nr="1923" mi="8" ci="0" mb="2" cb="0"/><line nr="1924" mi="8" ci="0" mb="0" cb="0"/><line nr="1926" mi="2" ci="0" mb="0" cb="0"/><line nr="1927" mi="66" ci="0" mb="6" cb="0"/><line nr="1929" mi="2" ci="0" mb="0" cb="0"/><line nr="1930" mi="1" ci="0" mb="0" cb="0"/><line nr="1932" mi="2" ci="0" mb="0" cb="0"/><line nr="1933" mi="1" ci="0" mb="0" cb="0"/><line nr="1935" mi="2" ci="0" mb="0" cb="0"/><line nr="1936" mi="1" ci="0" mb="0" cb="0"/><line nr="1938" mi="2" ci="0" mb="0" cb="0"/><line nr="1939" mi="1" ci="0" mb="0" cb="0"/><line nr="1944" mi="12" ci="0" mb="0" cb="0"/><line nr="1946" mi="12" ci="0" mb="0" cb="0"/><line nr="1948" mi="1" ci="0" mb="0" cb="0"/><line nr="1959" mi="5" ci="0" mb="9" cb="0"/><line nr="1961" mi="2" ci="0" mb="0" cb="0"/><line nr="1962" mi="1" ci="0" mb="0" cb="0"/><line nr="1964" mi="2" ci="0" mb="0" cb="0"/><line nr="1965" mi="1" ci="0" mb="0" cb="0"/><line nr="1967" mi="2" ci="0" mb="0" cb="0"/><line nr="1968" mi="1" ci="0" mb="0" cb="0"/><line nr="1970" mi="2" ci="0" mb="0" cb="0"/><line nr="1971" mi="1" ci="0" mb="0" cb="0"/><line nr="1973" mi="2" ci="0" mb="0" cb="0"/><line nr="1974" mi="1" ci="0" mb="0" cb="0"/><line nr="1976" mi="2" ci="0" mb="0" cb="0"/><line nr="1977" mi="1" ci="0" mb="0" cb="0"/><line nr="1979" mi="2" ci="0" mb="0" cb="0"/><line nr="1980" mi="1" ci="0" mb="0" cb="0"/><line nr="1982" mi="2" ci="0" mb="0" cb="0"/><line nr="1983" mi="1" ci="0" mb="0" cb="0"/><line nr="1985" mi="12" ci="0" mb="0" cb="0"/><line nr="1987" mi="6" ci="0" mb="0" cb="0"/><line nr="1999" mi="3" ci="0" mb="2" cb="0"/><line nr="2000" mi="2" ci="0" mb="0" cb="0"/><line nr="2003" mi="3" ci="0" mb="0" cb="0"/><line nr="2004" mi="2" ci="0" mb="2" cb="0"/><line nr="2005" mi="2" ci="0" mb="0" cb="0"/><line nr="2007" mi="3" ci="0" mb="0" cb="0"/><line nr="2008" mi="2" ci="0" mb="2" cb="0"/><line nr="2009" mi="2" ci="0" mb="0" cb="0"/><line nr="2016" mi="6" ci="0" mb="0" cb="0"/><line nr="2017" mi="2" ci="0" mb="2" cb="0"/><line nr="2022" mi="9" ci="0" mb="0" cb="0"/><line nr="2024" mi="2" ci="0" mb="0" cb="0"/><line nr="2026" mi="1" ci="0" mb="0" cb="0"/><line nr="2027" mi="2" ci="0" mb="0" cb="0"/><line nr="2033" mi="2" ci="0" mb="0" cb="0"/><line nr="2034" mi="5" ci="0" mb="0" cb="0"/><line nr="2036" mi="3" ci="0" mb="0" cb="0"/><line nr="2044" mi="2" ci="0" mb="2" cb="0"/><line nr="2045" mi="2" ci="0" mb="0" cb="0"/><line nr="2047" mi="8" ci="0" mb="2" cb="0"/><line nr="2048" mi="5" ci="0" mb="2" cb="0"/><line nr="2049" mi="2" ci="0" mb="0" cb="0"/><line nr="2052" mi="2" ci="0" mb="0" cb="0"/><line nr="2063" mi="8" ci="0" mb="2" cb="0"/><counter type="INSTRUCTION" missed="6723" covered="5"/><counter type="BRANCH" missed="85" covered="0"/><counter type="LINE" missed="133" covered="2"/><counter type="COMPLEXITY" missed="69" covered="2"/><counter type="METHOD" missed="21" covered="2"/><counter type="CLASS" missed="3" covered="1"/></sourcefile><sourcefile name="InetAddressValidator.java"><line nr="36" mi="2" ci="0" mb="0" cb="0"/><line nr="58" mi="5" ci="0" mb="0" cb="0"/><line nr="61" mi="7" ci="0" mb="0" cb="0"/><line nr="68" mi="2" ci="0" mb="0" cb="0"/><line nr="77" mi="12" ci="0" mb="4" cb="0"/><line nr="87" mi="5" ci="0" mb="0" cb="0"/><line nr="88" mi="2" ci="0" mb="2" cb="0"/><line nr="89" mi="2" ci="0" mb="0" cb="0"/><line nr="93" mi="16" ci="0" mb="2" cb="0"/><line nr="94" mi="5" ci="0" mb="4" cb="0"/><line nr="95" mi="2" ci="0" mb="0" cb="0"/><line nr="98" mi="2" ci="0" mb="0" cb="0"/><line nr="101" mi="3" ci="0" mb="0" cb="0"/><line nr="102" mi="1" ci="0" mb="0" cb="0"/><line nr="103" mi="2" ci="0" mb="0" cb="0"/><line nr="104" mi="1" ci="0" mb="0" cb="0"/><line nr="106" mi="3" ci="0" mb="2" cb="0"/><line nr="107" mi="2" ci="0" mb="0" cb="0"/><line nr="110" mi="8" ci="0" mb="4" cb="0"/><line nr="111" mi="2" ci="0" mb="0" cb="0"/><line nr="116" mi="2" ci="0" mb="0" cb="0"/><line nr="127" mi="4" ci="0" mb="0" cb="0"/><line nr="128" mi="9" ci="0" mb="4" cb="0"/><line nr="129" mi="2" ci="0" mb="0" cb="0"/><line nr="131" mi="10" ci="0" mb="4" cb="0"/><line nr="132" mi="6" ci="0" mb="4" cb="0"/><line nr="133" mi="2" ci="0" mb="0" cb="0"/><line nr="135" mi="4" ci="0" mb="0" cb="0"/><line nr="136" mi="2" ci="0" mb="2" cb="0"/><line nr="137" mi="6" ci="0" mb="0" cb="0"/><line nr="138" mi="4" ci="0" mb="2" cb="0"/><line nr="140" mi="5" ci="0" mb="0" cb="0"/><line nr="141" mi="7" ci="0" mb="4" cb="0"/><line nr="142" mi="4" ci="0" mb="0" cb="0"/><line nr="144" mi="7" ci="0" mb="0" cb="0"/><line nr="146" mi="4" ci="0" mb="2" cb="0"/><line nr="147" mi="2" ci="0" mb="0" cb="0"/><line nr="149" mi="2" ci="0" mb="0" cb="0"/><line nr="150" mi="2" ci="0" mb="0" cb="0"/><line nr="151" mi="8" ci="0" mb="2" cb="0"/><line nr="152" mi="4" ci="0" mb="0" cb="0"/><line nr="153" mi="3" ci="0" mb="2" cb="0"/><line nr="154" mi="1" ci="0" mb="0" cb="0"/><line nr="155" mi="3" ci="0" mb="2" cb="0"/><line nr="156" mi="2" ci="0" mb="0" cb="0"/><line nr="159" mi="2" ci="0" mb="0" cb="0"/><line nr="161" mi="10" ci="0" mb="4" cb="0"/><line nr="162" mi="4" ci="0" mb="2" cb="0"/><line nr="163" mi="2" ci="0" mb="0" cb="0"/><line nr="165" mi="1" ci="0" mb="0" cb="0"/><line nr="166" mi="1" ci="0" mb="0" cb="0"/><line nr="168" mi="4" ci="0" mb="2" cb="0"/><line nr="169" mi="2" ci="0" mb="0" cb="0"/><line nr="171" mi="2" ci="0" mb="0" cb="0"/><line nr="173" mi="4" ci="0" mb="0" cb="0"/><line nr="174" mi="1" ci="0" mb="0" cb="0"/><line nr="175" mi="2" ci="0" mb="0" cb="0"/><line nr="176" mi="1" ci="0" mb="0" cb="0"/><line nr="177" mi="5" ci="0" mb="4" cb="0"/><line nr="178" mi="2" ci="0" mb="0" cb="0"/><line nr="181" mi="1" ci="0" mb="0" cb="0"/><line nr="183" mi="8" ci="0" mb="6" cb="0"/><line nr="184" mi="2" ci="0" mb="0" cb="0"/><line nr="186" mi="2" ci="0" mb="0" cb="0"/><counter type="INSTRUCTION" missed="245" covered="0"/><counter type="BRANCH" missed="64" covered="0"/><counter type="LINE" missed="64" covered="0"/><counter type="COMPLEXITY" missed="38" covered="0"/><counter type="METHOD" missed="6" covered="0"/><counter type="CLASS" missed="1" covered="0"/></sourcefile><sourcefile name="RegexValidator.java"><line nr="83" mi="4" ci="0" mb="0" cb="0"/><line nr="84" mi="1" ci="0" mb="0" cb="0"/><line nr="96" mi="9" ci="0" mb="0" cb="0"/><line nr="97" mi="1" ci="0" mb="0" cb="0"/><line nr="107" mi="4" ci="0" mb="0" cb="0"/><line nr="108" mi="1" ci="0" mb="0" cb="0"/><line nr="119" mi="0" ci="2" mb="0" cb="0"/><line nr="120" mi="3" ci="2" mb="3" cb="1"/><line nr="121" mi="0" ci="5" mb="0" cb="0"/><line nr="123" mi="5" ci="0" mb="0" cb="0"/><line nr="124" mi="6" ci="0" mb="2" cb="0"/><line nr="125" mi="10" ci="0" mb="2" cb="0"/><line nr="126" mi="9" ci="0" mb="4" cb="0"/><line nr="127" mi="14" ci="0" mb="0" cb="0"/><line nr="129" mi="9" ci="0" mb="0" cb="0"/><line nr="131" mi="1" ci="0" mb="0" cb="0"/><line nr="141" mi="2" ci="0" mb="2" cb="0"/><line nr="142" mi="2" ci="0" mb="0" cb="0"/><line nr="144" mi="9" ci="0" mb="2" cb="0"/><line nr="145" mi="8" ci="0" mb="2" cb="0"/><line nr="146" mi="2" ci="0" mb="0" cb="0"/><line nr="149" mi="2" ci="0" mb="0" cb="0"/><line nr="161" mi="2" ci="0" mb="2" cb="0"/><line nr="162" mi="2" ci="0" mb="0" cb="0"/><line nr="164" mi="9" ci="0" mb="2" cb="0"/><line nr="165" mi="7" ci="0" mb="0" cb="0"/><line nr="166" mi="3" ci="0" mb="2" cb="0"/><line nr="167" mi="3" ci="0" mb="0" cb="0"/><line nr="168" mi="3" ci="0" mb="0" cb="0"/><line nr="169" mi="7" ci="0" mb="2" cb="0"/><line nr="170" mi="8" ci="0" mb="0" cb="0"/><line nr="172" mi="2" ci="0" mb="0" cb="0"/><line nr="175" mi="2" ci="0" mb="0" cb="0"/><line nr="188" mi="2" ci="0" mb="2" cb="0"/><line nr="189" mi="2" ci="0" mb="0" cb="0"/><line nr="191" mi="9" ci="0" mb="2" cb="0"/><line nr="192" mi="7" ci="0" mb="0" cb="0"/><line nr="193" mi="3" ci="0" mb="2" cb="0"/><line nr="194" mi="3" ci="0" mb="0" cb="0"/><line nr="195" mi="3" ci="0" mb="2" cb="0"/><line nr="196" mi="4" ci="0" mb="0" cb="0"/><line nr="198" mi="4" ci="0" mb="0" cb="0"/><line nr="199" mi="7" ci="0" mb="2" cb="0"/><line nr="200" mi="6" ci="0" mb="0" cb="0"/><line nr="201" mi="2" ci="0" mb="2" cb="0"/><line nr="202" mi="4" ci="0" mb="0" cb="0"/><line nr="205" mi="3" ci="0" mb="0" cb="0"/><line nr="208" mi="2" ci="0" mb="0" cb="0"/><line nr="217" mi="4" ci="0" mb="0" cb="0"/><line nr="218" mi="4" ci="0" mb="0" cb="0"/><line nr="219" mi="9" ci="0" mb="2" cb="0"/><line nr="220" mi="2" ci="0" mb="2" cb="0"/><line nr="221" mi="4" ci="0" mb="0" cb="0"/><line nr="223" mi="8" ci="0" mb="0" cb="0"/><line nr="225" mi="4" ci="0" mb="0" cb="0"/><line nr="226" mi="3" ci="0" mb="0" cb="0"/><counter type="INSTRUCTION" missed="249" covered="9"/><counter type="BRANCH" missed="41" covered="1"/><counter type="LINE" missed="53" covered="3"/><counter type="COMPLEXITY" missed="28" covered="1"/><counter type="METHOD" missed="7" covered="1"/><counter type="CLASS" missed="0" covered="1"/></sourcefile><counter type="INSTRUCTION" missed="7356" covered="308"/><counter type="BRANCH" missed="226" covered="53"/><counter type="LINE" missed="298" covered="84"/><counter type="COMPLEXITY" missed="163" covered="38"/><counter type="METHOD" missed="39" covered="17"/><counter type="CLASS" missed="5" covered="3"/></package><counter type="INSTRUCTION" missed="7356" covered="308"/><counter type="BRANCH" missed="226" covered="53"/><counter type="LINE" missed="298" covered="84"/><counter type="COMPLEXITY" missed="163" covered="38"/><counter type="METHOD" missed="39" covered="17"/><counter type="CLASS" missed="5" covered="3"/></report>