<?xml version="1.0" encoding="UTF-8" ?>
<testsuite tests="4" failures="0" name="finalprojectB.UrlValidatorTest" time="2.052" errors="1" skipped="0">
  <properties>
[...]
</properties>
  <testcase classname="finalprojectB.UrlValidatorTest" name="testManualTest" time="0.078"/>
  <testcase classname="finalprojectB.UrlValidatorTest" name="testYourSecondPartition" time="0"/>
  <testcase classname="finalprojectB.UrlValidatorTest" name="testYourFirstPartition" time="0.016"/>
  <testcase classname="finalprojectB.UrlValidatorTest" name="testIsValid" time="1.958">
    <error type="java.lang.ExceptionInInitializerError">java.lang.ExceptionInInitializerError
	at finalprojectB.UrlValidator.isValidAuthority(UrlValidator.java:394)
	at finalprojectB.UrlValidator.isValid(UrlValidator.java:328)
	at finalprojectB.UrlValidatorTest.testIsValid(UrlValidatorTest.java:231)
	at java.base/jdk.internal.reflect.NativeMethodAccessorImpl.invoke0(Native Method)
	at java.base/jdk.internal.reflect.NativeMethodAccessorImpl.invoke(NativeMethodAccessorImpl.java:62)
	at java.base/jdk.internal.reflect.DelegatingMethodAccessorImpl.invoke(DelegatingMethodAccessorImpl.java:43)
	at java.base/java.lang.reflect.Method.invoke(Method.java:564)
	at junit.framework.TestCase.runTest(TestCase.java:176)
	at junit.framework.TestCase.runBare(TestCase.java:141)
	at junit.framework.TestResult$1.protect(TestResult.java:122)
	at junit.framework.TestResult.runProtected(TestResult.java:142)
	at junit.framework.TestResult.run(TestResult.java:125)
	at junit.framework.TestCase.run(TestCase.java:129)
	at junit.framework.TestSuite.runTest(TestSuite.java:252)
	at junit.framework.TestSuite.run(TestSuite.java:247)
	at org.junit.internal.runners.JUnit38ClassRunner.run(JUnit38ClassRunner.java:86)
	at org.apache.maven.surefire.junit4.JUnit4Provider.execute(JUnit4Provider.java:252)
	at org.apache.maven.surefire.junit4.JUnit4Provider.executeTestSet(JUnit4Provider.java:141)
	at org.apache.maven.surefire.junit4.JUnit4Provider.invoke(JUnit4Provider.java:112)
	at java.base/jdk.internal.reflect.NativeMethodAccessorImpl.invoke0(Native Method)
	at java.base/jdk.internal.reflect.NativeMethodAccessorImpl.invoke(NativeMethodAccessorImpl.java:62)
	at java.base/jdk.internal.reflect.DelegatingMethodAccessorImpl.invoke(DelegatingMethodAccessorImpl.java:43)
	at java.base/java.lang.reflect.Method.invoke(Method.java:564)
	at org.apache.maven.surefire.util.ReflectionUtils.invokeMethodWithArray(ReflectionUtils.java:189)
	at org.apache.maven.surefire.booter.ProviderFactory$ProviderProxy.invoke(ProviderFactory.java:165)
	at org.apache.maven.surefire.booter.ProviderFactory.invokeProvider(ProviderFactory.java:85)
	at org.apache.maven.surefire.booter.ForkedBooter.runSuitesInProcess(ForkedBooter.java:115)
	at org.apache.maven.surefire.booter.ForkedBooter.main(ForkedBooter.java:75)
Caused by: java.lang.IllegalArgumentException: Regular expressions are missing
	at finalprojectB.RegexValidator.&lt;init&gt;(RegexValidator.java:121)
	at finalprojectB.RegexValidator.&lt;init&gt;(RegexValidator.java:96)
	at finalprojectB.RegexValidator.&lt;init&gt;(RegexValidator.java:83)
	at finalprojectB.DomainValidator.&lt;init&gt;(DomainValidator.java:107)
	at finalprojectB.DomainValidator.&lt;clinit&gt;(DomainValidator.java:96)
	... 28 more
</error>
    <system-out>Start Random testing...
$209321:/:OAIB&lt;fFFMfb5F5jY&apos;%L@~7S].net/Dh#6D-_SJg&amp; =&lt;)WLC]43x8Z6C$L~lE.DwCcOv++
Passed default
Passed all schemes flag
Passed all schemes + 2 slash flag
Passed all schemes + fragment flag
Passed all schemes + local flag
Passed all flags
AAA/:H/R{YOHv/_T-ftA3};Pnryj&lt;+*}@erQS^sWGR*^$s+B[djcom/
Passed default
Passed all schemes flag
Passed all schemes + 2 slash flag
Passed all schemes + fragment flag
Passed all schemes + local flag
Passed all flags
AAA::/&apos;:%WU/`Uk&gt;z{x{AV0\{kNg/c#9gbi&quot;o&quot;sGH[O3 :urk
Passed default
Passed all schemes flag
Passed all schemes + 2 slash flag
Passed all schemes + fragment flag
Passed all schemes + local flag
Passed all flags
http:/:vDVYW4W?jF.gov/
Passed default
Passed all schemes flag
Passed all schemes + 2 slash flag
Passed all schemes + fragment flag
Passed all schemes + local flag
Passed all flags
https:/:gqzTgX{WH}Fn#:rN+;=k&apos;LVmg7-sz6M*pZ]vlJQ,cc,k+5jfajds;kjdls/BbK!?Jj=}DTI{oz
Passed default
Passed all schemes flag
Passed all schemes + 2 slash flag
Passed all schemes + fragment flag
Passed all schemes + local flag
Passed all flags
https /:zA4rr0/ek-]hfajds;kjdls/wzr_\F6%$uQ7p=@we
Passed default
Passed all schemes flag
Passed all schemes + 2 slash flag
Passed all schemes + fragment flag
Passed all schemes + local flag
Passed all flags
AAA/:NaCNkGwfrK.com/
Passed default
Passed all schemes flag
Passed all schemes + 2 slash flag
Passed all schemes + fragment flag
Passed all schemes + local flag
Passed all flags
::/#5!MN_Sjt/UtqCQl[Ee6Y[eAb(N.com:
Passed default
Passed all schemes flag
Passed all schemes + 2 slash flag
Passed all schemes + fragment flag
Passed all schemes + local flag
Passed all flags
    :/:np\}l j-}f1G&amp;O7\l&apos;~(;#6&lt;g+x|!gtyaJ!E~a[c}#he&lt;-zcom/^&quot;nQ)#;~rS9Rtx=~JgAXIOMuC|NM:kZw
Passed default
Passed all schemes flag
Passed all schemes + 2 slash flag
Passed all schemes + fragment flag
Passed all schemes + local flag
Passed all flags
123211:/:oW fWT)\&lt;-:JOaD&gt;Bg&gt;q;&lt;Y.gov/ ~&amp;fP1}{_aNzB*]_wiszCiqV)op/8p7}O&gt;( p/:!
Passed default
Passed all schemes flag
Passed all schemes + 2 slash flag
Passed all schemes + fragment flag
Passed all schemes + local flag
Passed all flags
    :/qGMfaup_srD-8u(}1(3&lt;3TJr/RQ*wP :2c1}/W2fUYQ4,Y\.OW&gt;6CbLvc=YV)-}sK%dh@ATrmO+@i
Passed default
Passed all schemes flag
Passed all schemes + 2 slash flag
Passed all schemes + fragment flag
Passed all schemes + local flag
Passed all flags
http:/:ix] H2o(R^,G#hz_L{9rSXfajds;kjdls/
Passed default
Passed all schemes flag
Passed all schemes + 2 slash flag
Passed all schemes + fragment flag
Passed all schemes + local flag
Passed all flags
 :DQ&quot;n&lt;Yz~!4eo[l+_`.com
Passed default
Passed all schemes flag
Passed all schemes + 2 slash flag
Passed all schemes + fragment flag
Passed all schemes + local flag
Passed all flags
HttP::X.com
Passed default
Passed all schemes flag
Passed all schemes + 2 slash flag
Passed all schemes + fragment flag
Passed all schemes + local flag
Passed all flags
AAA:/:.net/w8sTH$`#r[5-b\TYB$~)h=L9!K1oHLXZuhN|L$1Muy
Passed default
Passed all schemes flag
Passed all schemes + 2 slash flag
Passed all schemes + fragment flag
Passed all schemes + local flag
Passed all flags
HttPOOcrudrggyMhjPBmNxxokbSZHfajds;kjdls
Passed default
Passed all schemes flag
Passed all schemes + 2 slash flag
Passed all schemes + fragment flag
Passed all schemes + local flag
Passed all flags
 //:vSCakBuLPDGeHCWZTabbKETLg /
Passed default
Passed all schemes flag
Passed all schemes + 2 slash flag
Passed all schemes + fragment flag
Passed all schemes + local flag
Passed all flags
https:  N.&quot;2Y:J&amp;1xe&quot;44%=-mfajds;kjdls 
Passed default
Passed all schemes flag
Passed all schemes + 2 slash flag
Passed all schemes + fragment flag
Passed all schemes + local flag
Passed all flags
  KL5K-Gn&quot;|@cL//&gt;jJt}L`qs5]b+]4Wc[D.com 
Passed default
Passed all schemes flag
Passed all schemes + 2 slash flag
Passed all schemes + fragment flag
Passed all schemes + local flag
Passed all flags
https:/:APy1*ZW\m{k8efz,V=^S`W}y:y3/Jxb%oS)p.com/BsmdKiGwVHhqBRigdmkm
Passed default
Passed all schemes flag
Passed all schemes + 2 slash flag
Passed all schemes + fragment flag
Passed all schemes + local flag
Passed all flags
    : WQ}G4!}C&apos;zH)]ayiCr}y/+F6+n`R2f`)XLA[Vl`5.com
Passed default
Passed all schemes flag
Passed all schemes + 2 slash flag
Passed all schemes + fragment flag
Passed all schemes + local flag
Passed all flags
http::/#|V^|(b/LGF2Rd,g8.O~SDZIq8NW,=vkz^Z/ ]QfZfajds;kjdls:NSkkbhxZSCJjUIlSOrZlIBxUBwdlfXQJrEGmBVBxG
Passed default
Passed all schemes flag
Passed all schemes + 2 slash flag
Passed all schemes + fragment flag
Passed all schemes + local flag
Passed all flags
AAA::/yBKDrG.net:
Passed default
Passed all schemes flag
Passed all schemes + 2 slash flag
Passed all schemes + fragment flag
Passed all schemes + local flag
Passed all flags
 sadasd:  :WB(9h:wmz%clZjp_q(}CTL&quot;(wW:JND20;_AYN;.8EW~.com sqZMOvfoGrLreqcOMIedLNtXmdaSeojL
Passed default
Passed all schemes flag
Passed all schemes + 2 slash flag
Passed all schemes + fragment flag
Passed all schemes + local flag
Passed all flags
http:/:P&apos;jWam,|,q;,MYu#&lt;(Ld~Ftsecs^+E=C1%,$Jfajds;kjdls/
Passed default
Passed all schemes flag
Passed all schemes + 2 slash flag
Passed all schemes + fragment flag
Passed all schemes + local flag
Passed all flags
HttP/:pz&gt;oMtROWfhbq%lE&quot;=)N~|;ju}.[nm.gov/WJgoqXIpEXIBiafBFHQDTkBULiZJnvJwrKYeNkYXLAHC
Passed default
Passed all schemes flag
Passed all schemes + 2 slash flag
Passed all schemes + fragment flag
Passed all schemes + local flag
Passed all flags
/CGfE.comUFEbkPdIIBstopBuDSLdYSnwZ
Passed default
Passed all schemes flag
Passed all schemes + 2 slash flag
Passed all schemes + fragment flag
Passed all schemes + local flag
Passed all flags
http/:XKE2`.com/yI9We-EheFF)^T`\I*[fr/&apos;R&quot;B \I-,^=
Passed default
Passed all schemes flag
Passed all schemes + 2 slash flag
Passed all schemes + fragment flag
Passed all schemes + local flag
Passed all flags
http//:C8#3LdQH-9duqq20SX_UU4FN_vxfx^PnA\P4}n`WhB1.com/v~
Passed default
Passed all schemes flag
Passed all schemes + 2 slash flag
Passed all schemes + fragment flag
Passed all schemes + local flag
Passed all flags
https//:F@&amp;}^&quot;[CH/%o5UK.gov/5U\.$a&gt;q[^9&amp;/_QifBsin*BFjvH-tOU&apos;$|QR0}~5^__7&amp;H
Passed default
Passed all schemes flag
Passed all schemes + 2 slash flag
Passed all schemes + fragment flag
Passed all schemes + local flag
Passed all flags
HTTP/:cbPKsrDbhLnrawZeTjpGqwqueGtfajds;kjdls/
Passed default
Passed all schemes flag
Passed all schemes + 2 slash flag
Passed all schemes + fragment flag
Passed all schemes + local flag
Passed all flags
HTTP:/:Zocc$NQd9+-v&amp;Rw7n4Ni(XAc)[T_IXyfajds;kjdls/e,_7L5|r_]&amp;E@3,tJzBNp%
Passed default
Passed all schemes flag
Passed all schemes + 2 slash flag
Passed all schemes + fragment flag
Passed all schemes + local flag
Passed all flags
HTTP:/:!s7B`R3E2)k&quot;nd:g/DEpd3JL#Jfajds;kjdls/fW;xdqa&gt;e6rL}vi7BeRW
Passed default
Passed all schemes flag
Passed all schemes + 2 slash flag
Passed all schemes + fragment flag
Passed all schemes + local flag
Passed all flags
 /H(=x$0_Yp6KuT\{sWI&gt;sO^{(j4NA-bHF4~0&quot;s.comRe2bO{W!9hOsUR&quot;[:r2cAjE&apos;&lt;&lt;=Wx^r_A7T3 R-&amp;0&quot;As7Ng
Passed default
Passed all schemes flag
Passed all schemes + 2 slash flag
Passed all schemes + fragment flag
Passed all schemes + local flag
Passed all flags
https   aKQdu3&quot;81?P(`k2j=]wEur aakufajds;kjdls 
Passed default
Passed all schemes flag
Passed all schemes + 2 slash flag
Passed all schemes + fragment flag
Passed all schemes + local flag
Passed all flags
 sadasd:/:C.(Rx,gKl,~&amp;3;14op.com/
Passed default
Passed all schemes flag
Passed all schemes + 2 slash flag
Passed all schemes + fragment flag
Passed all schemes + local flag
Passed all flags
 sadasd//:f&amp;D&quot;J70K7Y(&apos;Tb7CcUFD,y5)0*D2Qn9iN! bcc$Zd]iYyV.com/8; f0(}z~]h) rJxh\M&amp;k#3=~k3F#
Passed default
Passed all schemes flag
Passed all schemes + 2 slash flag
Passed all schemes + fragment flag
Passed all schemes + local flag
Passed all flags
$209321:/:I Ra3l^/srRG;6&lt;.com/rAflG^[
Passed default
Passed all schemes flag
Passed all schemes + 2 slash flag
Passed all schemes + fragment flag
Passed all schemes + local flag
Passed all flags
HttPNlY!p{+&apos;oO;&gt;_8Lh&apos;kP8)FQfP.NJ(KA#}?g&quot;I
Passed default
Passed all schemes flag
Passed all schemes + 2 slash flag
Passed all schemes + fragment flag
Passed all schemes + local flag
Passed all flags
    :/:XOZ&amp;*xoj&apos;Q(!Y]_b1hR#09PMG;W1x:@ i%E.&gt;$_Tjo.net/tL+&quot;}tw+]zP}0P~SaFiKDmrClac^d
Passed default
Passed all schemes flag
Passed all schemes + 2 slash flag
Passed all schemes + fragment flag
Passed all schemes + local flag
Passed all flags
HttP:  s~P1moO`^9b&lt; 1y[R3owKrP2hLM{~y_JID00,=Udy;gd*Wr[Wyc&amp;eD1wp=
Passed default
Passed all schemes flag
Passed all schemes + 2 slash flag
Passed all schemes + fragment flag
Passed all schemes + local flag
Passed all flags
 sadasd:/:XnQZvLMfEnUukPaavdRyXuuLCXPuqoIaydsZBJKObrurj.com/
Passed default
Passed all schemes flag
Passed all schemes + 2 slash flag
Passed all schemes + fragment flag
Passed all schemes + local flag
Passed all flags
HTTP  Y,AG EccPbcCmVQUbNoUQk
Passed default
Passed all schemes flag
Passed all schemes + 2 slash flag
Passed all schemes + fragment flag
Passed all schemes + local flag
Passed all flags
https:/:OtBOwbJuXMSYFshkAoHSsCafajds;kjdls/
Passed default
Passed all schemes flag
Passed all schemes + 2 slash flag
Passed all schemes + fragment flag
Passed all schemes + local flag
Passed all flags
https:/:~yPKn5Ra~-{7#^Q.&quot;K5=`sdt h&gt;com/
Passed default
Passed all schemes flag
Passed all schemes + 2 slash flag
Passed all schemes + fragment flag
Passed all schemes + local flag
Passed all flags
AAA:/:PeCMgxHFtZVbsKjyJeCseZHvUa/
Passed default
Passed all schemes flag
Passed all schemes + 2 slash flag
Passed all schemes + fragment flag
Passed all schemes + local flag
Passed all flags
123211:/:.com/5=d;[T)!mxCnq&gt;&gt;&gt;M8T2-O.rCS&gt;&gt;WQ7!: 2GSDQv
Passed default
Passed all schemes flag
Passed all schemes + 2 slash flag
Passed all schemes + fragment flag
Passed all schemes + local flag
Passed all flags
HTTP IX8ml:,p&lt;n4m@n&lt;!6zzjhauds})^&gt;xVxK&lt;I%Z.comkB
Passed default
Passed all schemes flag
Passed all schemes + 2 slash flag
Passed all schemes + fragment flag
Passed all schemes + local flag
Passed all flags
 sadasd//:L3~fskP&amp;R5e&quot;AF#fAjWfajds;kjdls/H]=1e&quot;G|tFfo7IdW]o
Passed default
Passed all schemes flag
Passed all schemes + 2 slash flag
Passed all schemes + fragment flag
Passed all schemes + local flag
Passed all flags
    /:OQ;EUf{[oELH&gt;YN!z8OGV.com/|\e$agwhf!D?pLM7mH5qST9i{,=]CHl7{1P7
Passed default
Passed all schemes flag
Passed all schemes + 2 slash flag
Passed all schemes + fragment flag
Passed all schemes + local flag
Passed all flags
123211/:F^*e/R.com/jAhyQmVltCgdPlefvBfJdvjgpdhZXGpNlc
Passed default
Passed all schemes flag
Passed all schemes + 2 slash flag
Passed all schemes + fragment flag
Passed all schemes + local flag
Passed all flags
https/  &quot;@&amp;ge:\.gov )%4#&apos;DS,qU!T},$H3L|?jp`Or&amp;^dIN*IH&apos;V$YjB
Passed default
Passed all schemes flag
Passed all schemes + 2 slash flag
Passed all schemes + fragment flag
Passed all schemes + local flag
Passed all flags
AAA//:xhSkoVlksrQthd.net/
Passed default
Passed all schemes flag
Passed all schemes + 2 slash flag
Passed all schemes + fragment flag
Passed all schemes + local flag
Passed all flags
 sadasd /:k&quot;G)&lt;4_=iHq94A3{HEVC])|9=1&amp;~lF&lt;W@h?.com/
Passed default
Passed all schemes flag
Passed all schemes + 2 slash flag
Passed all schemes + fragment flag
Passed all schemes + local flag
Passed all flags
https:/:v}$#Fb^xK.com/
Passed default
Passed all schemes flag
Passed all schemes + 2 slash flag
Passed all schemes + fragment flag
Passed all schemes + local flag
Passed all flags
$209321/u_n_/W:bv(!fz(6uDsr@GHc?J1.gov2?}q
Passed default
Passed all schemes flag
Passed all schemes + 2 slash flag
Passed all schemes + fragment flag
Passed all schemes + local flag
Passed all flags
https:/:oI\ ORK;q&lt;==LmN\|=com/
Passed default
Passed all schemes flag
Passed all schemes + 2 slash flag
Passed all schemes + fragment flag
Passed all schemes + local flag
Passed all flags
 sadasd:/:&quot;KaT*OH+&lt;J~&quot;0u(#eXY&quot;RM]4ul8/;0A|8}+R$0B/uW#]s_[EwKlMHh
Passed default
Passed all schemes flag
Passed all schemes + 2 slash flag
Passed all schemes + fragment flag
Passed all schemes + local flag
Passed all flags
123211/:/(C0?7Z&quot;C}oOfGG,N4&quot;6&apos;89SuWIf::?nYgr%G&apos;XC7&amp;)o^11:_l
Passed default
Passed all schemes flag
Passed all schemes + 2 slash flag
Passed all schemes + fragment flag
Passed all schemes + local flag
Passed all flags
https//:?^@LMb6Mv2ttVa2w3U\A)Kc9&amp;MOk@C4zz8*w[ejG6\HY /%qNF]dWz&amp;0ZO9(_N +idlAf&amp;wd7#F3D4T{)G5&gt;vD(%P,x5p
Passed default
Passed all schemes flag
Passed all schemes + 2 slash flag
Passed all schemes + fragment flag
Passed all schemes + local flag
Passed all flags
123211//:/[|0&lt;odysqX2U-y6 .com/;\^&amp;pv;6Xz+f\t
Passed default
Passed all schemes flag
Passed all schemes + 2 slash flag
Passed all schemes + fragment flag
Passed all schemes + local flag
Passed all flags
$209321:/:#.!_#&gt;B&lt;;-[d&lt;]oJDsI4ayD/ ZX/[v\.com/mZ
Passed default
Passed all schemes flag
Passed all schemes + 2 slash flag
Passed all schemes + fragment flag
Passed all schemes + local flag
Passed all flags
$209321:  ]+S%Ve?&apos;JkEeFR0br0ysrTKe&gt;&gt;Uf1xJnC,?IWTCuW.net J7~Ss*p~OwcL)=Jr05`%Jxv#I,@:dv
Passed default
Passed all schemes flag
Passed all schemes + 2 slash flag
Passed all schemes + fragment flag
Passed all schemes + local flag
Passed all flags
  /:/IW$jo$&apos;%I8#RiCDxN 3ddNMOb4!5Freh,[G(xD`H.snG_)x&lt;.com/
Passed default
Passed all schemes flag
Passed all schemes + 2 slash flag
Passed all schemes + fragment flag
Passed all schemes + local flag
Passed all flags
http:  /zRy=J+1gU\nf]DN;c)6;ETd(.com DNKORu`&quot;Su} rpz?1fOLscYK#&lt;hj&apos;
Passed default
Passed all schemes flag
Passed all schemes + 2 slash flag
Passed all schemes + fragment flag
Passed all schemes + local flag
Passed all flags
https/:I`Yc&amp;lrJ2J~3w(*ZZ{6e~.PW9u5a1&lt;aoMH8AA(cgMsMT}Ofajds;kjdls/t+4*i\
Passed default
Passed all schemes flag
Passed all schemes + 2 slash flag
Passed all schemes + fragment flag
Passed all schemes + local flag
Passed all flags
 :/:A~yrIik1^;@cS~#a;-Hhqa(R+~z/x${e&amp;.com/&gt;}KCi+lAJ!L5Mw^y|vR%)R5+9l&gt;.:
Passed default
Passed all schemes flag
Passed all schemes + 2 slash flag
Passed all schemes + fragment flag
Passed all schemes + local flag
Passed all flags
123211:/:HHDO`0EdI*oF&amp;w)7n.S6%A$y*!s.com/bcLXgwBDRfMyBpiFqOxoaT
Passed default
Passed all schemes flag
Passed all schemes + 2 slash flag
Passed all schemes + fragment flag
Passed all schemes + local flag
Passed all flags
HTTP:/:&amp;I3u??[+mH@-Qnh(S!D&lt;Do&gt;q_;;z{pGR.com/vUnvJIHxIvfVfQynlyEmnCAs
Passed default
Passed all schemes flag
Passed all schemes + 2 slash flag
Passed all schemes + fragment flag
Passed all schemes + local flag
Passed all flags
http::/jcFnaTxQKBtjsBdejTUbeewTWhuEVFYJUvHjjePqkvTOfajds;kjdls:
Passed default
Passed all schemes flag
Passed all schemes + 2 slash flag
Passed all schemes + fragment flag
Passed all schemes + local flag
Passed all flags
http:YtdadVnTXtGWin.net
Passed default
Passed all schemes flag
Passed all schemes + 2 slash flag
Passed all schemes + fragment flag
Passed all schemes + local flag
Passed all flags
HTTP:/:ljDZMTl`r) };.com/
Passed default
Passed all schemes flag
Passed all schemes + 2 slash flag
Passed all schemes + fragment flag
Passed all schemes + local flag
Passed all flags
https:/:P\jtLmJQ&gt;}2hu|=:,D,I5gZ.gov/s:PdN;~r!)Z4&amp;.rpwR]f4~%7]plqm({ZdZC87JbEU$e`-
Passed default
Passed all schemes flag
Passed all schemes + 2 slash flag
Passed all schemes + fragment flag
Passed all schemes + local flag
Passed all flags
http:/:iZZmnyvRPRyfuvJHiXQbMdZgoh.com/
Passed default
Passed all schemes flag
Passed all schemes + 2 slash flag
Passed all schemes + fragment flag
Passed all schemes + local flag
Passed all flags
123211:/:YewPPsfNNVmdPVqFDXCIdUJRrnTnNwfajds;kjdls/
Passed default
Passed all schemes flag
Passed all schemes + 2 slash flag
Passed all schemes + fragment flag
Passed all schemes + local flag
Passed all flags
HttP:/:$TMdIOthD\w\O&gt;y /hNi\p1m$3`z-?s4iW&apos;w7a3
Passed default
Passed all schemes flag
Passed all schemes + 2 slash flag
Passed all schemes + fragment flag
Passed all schemes + local flag
Passed all flags
HTTP//:IoTyFiGigSnRC /
Passed default
Passed all schemes flag
Passed all schemes + 2 slash flag
Passed all schemes + fragment flag
Passed all schemes + local flag
Passed all flags
https::/m7hG]6sFJ&amp;B#_/pWfx`?ok%V(.com:OOKXYkpiBiTtQ
Passed default
Passed all schemes flag
Passed all schemes + 2 slash flag
Passed all schemes + fragment flag
Passed all schemes + local flag
Passed all flags
http:/:.gov/
Passed default
Passed all schemes flag
Passed all schemes + 2 slash flag
Passed all schemes + fragment flag
Passed all schemes + local flag
Passed all flags
HTTP:/:sZgLpkaDUtktDiNNqYSmybgWCIikksZoDKQrpmBmfF.net/
Passed default
Passed all schemes flag
Passed all schemes + 2 slash flag
Passed all schemes + fragment flag
Passed all schemes + local flag
Passed all flags
https//:.com/83~&quot;L=m0_`L%Zr&amp;RVNCw?5YxFj:P;[IWJSt&lt;S2AnX2$%E2,
Passed default
Passed all schemes flag
Passed all schemes + 2 slash flag
Passed all schemes + fragment flag
Passed all schemes + local flag
Passed all flags
http:/:.com/
Passed default
Passed all schemes flag
Passed all schemes + 2 slash flag
Passed all schemes + fragment flag
Passed all schemes + local flag
Passed all flags
https/:/I.com:xjegtvkgoxHFqXJtp
Passed default
Passed all schemes flag
Passed all schemes + 2 slash flag
Passed all schemes + fragment flag
Passed all schemes + local flag
Passed all flags
https:/:&lt;7aRt`9Jqy]PLpVDOhZ&amp;Q&lt;&amp;b$KqT&quot;u,u!com/xq8~r
Passed default
Passed all schemes flag
Passed all schemes + 2 slash flag
Passed all schemes + fragment flag
Passed all schemes + local flag
Passed all flags
https:  he4pIl]\^-9C)hf?IRL*Ml[-P?qA7%;r.com ymIWuWJvXZImsCwYibcOrBisOYpSXFrrEJwhCdlqZ
Passed default
Passed all schemes flag
Passed all schemes + 2 slash flag
Passed all schemes + fragment flag
Passed all schemes + local flag
Passed all flags
http  TUMhIwGRxOmgcNvAaT.gov 
Passed default
Passed all schemes flag
Passed all schemes + 2 slash flag
Passed all schemes + fragment flag
Passed all schemes + local flag
Passed all flags
:/:]&gt;T;-h@)T|upToqJd`t6w9Z&gt;WS+%)bQv*)?ecom/
Passed default
Passed all schemes flag
Passed all schemes + 2 slash flag
Passed all schemes + fragment flag
Passed all schemes + local flag
Passed all flags
https   [Va) u.com v,%|9!IQGA4^%v=I9
Passed default
Passed all schemes flag
Passed all schemes + 2 slash flag
Passed all schemes + fragment flag
Passed all schemes + local flag
Passed all flags
https:  #KoT{S_N8!j,|m4&quot;n&quot;.74(@P%FWbPF_wV0HyQ  }29:&quot;l0D]#hB#
Passed default
Passed all schemes flag
Passed all schemes + 2 slash flag
Passed all schemes + fragment flag
Passed all schemes + local flag
Passed all flags
123211 /:ewQowSFsgJwLCUlyDXuDFhZEtQPbfyIINDjICrnDOfajds;kjdls/
Passed default
Passed all schemes flag
Passed all schemes + 2 slash flag
Passed all schemes + fragment flag
Passed all schemes + local flag
Passed all flags
 sadasd /:B-com/YFfHH
Passed default
Passed all schemes flag
Passed all schemes + 2 slash flag
Passed all schemes + fragment flag
Passed all schemes + local flag
Passed all flags
httpsJeuOtRBaWpEIgJgLLlKaJApKBbCgJYyoOAXwytDRVrCarkC.com
Passed default
Passed all schemes flag
Passed all schemes + 2 slash flag
Passed all schemes + fragment flag
Passed all schemes + local flag
Passed all flags
 /:v.com/tK&lt;t9uBTGLOW%MsyzP?Ix&amp;}!7VXZ|FEWna
Passed default
Passed all schemes flag
Passed all schemes + 2 slash flag
Passed all schemes + fragment flag
Passed all schemes + local flag
Passed all flags
$209321:/:cvF&amp;4pDUHf&lt;0iS&amp;*#HFZ*XZ_ac-frWT?&quot;es[.com/CcNjeWtpjPv
Passed default
Passed all schemes flag
Passed all schemes + 2 slash flag
Passed all schemes + fragment flag
Passed all schemes + local flag
Passed all flags
https /:4(G-y!g43N$X&quot;D9P=\\npK(8{2.com/6K
Passed default
Passed all schemes flag
Passed all schemes + 2 slash flag
Passed all schemes + fragment flag
Passed all schemes + local flag
Passed all flags
$209321/:Ej#F_&gt;6r*r*%W-7_{3jUYvpdbeia_&apos;7+2FlaD%l`I.com/
Passed default
Passed all schemes flag
Passed all schemes + 2 slash flag
Passed all schemes + fragment flag
Passed all schemes + local flag
Passed all flags
 sadasd /:D;x_Np9X.net/NnaZrDiNrYr
Passed default
Passed all schemes flag
Passed all schemes + 2 slash flag
Passed all schemes + fragment flag
Passed all schemes + local flag
Passed all flags
 /:,{35E(Rn1bH15jrl.com/
Passed default
Passed all schemes flag
Passed all schemes + 2 slash flag
Passed all schemes + fragment flag
Passed all schemes + local flag
Passed all flags
 sadasd:SIogOxRGwGTRbxEEBiZvNeTrnlZVHuqcNAb.com
Passed default
Passed all schemes flag
Passed all schemes + 2 slash flag
Passed all schemes + fragment flag
Passed all schemes + local flag
Passed all flags
https:/:[-5|SGqdM&quot;&gt;j\;|a.`Bu+C*.;B|.M]mS}M8&gt;,.~.com/:&amp;H/ZJ4i+6@&amp;p?B@~2
Passed default
Passed all schemes flag
Passed all schemes + 2 slash flag
Passed all schemes + fragment flag
Passed all schemes + local flag
Passed all flags
http /:$X.BZb#F9&amp;E@Ro&quot;422H.com/+&lt;&quot;h=|dNLmVm ``e Pjc7DJ5A
Passed default
Passed all schemes flag
Passed all schemes + 2 slash flag
Passed all schemes + fragment flag
Passed all schemes + local flag
Passed all flags
123211/:/;_QT@(O^=otJ&lt;c^Q&lt;&gt;v{ATd\??`9E2mLL@*ZZTIv_b+?{&apos;.com:tmGjIk
Passed default
Passed all schemes flag
Passed all schemes + 2 slash flag
Passed all schemes + fragment flag
Passed all schemes + local flag
Passed all flags
$209321:  3.gov jiYOiEyZAyActtntRbvhgfiWGivYh
Passed default
Passed all schemes flag
Passed all schemes + 2 slash flag
Passed all schemes + fragment flag
Passed all schemes + local flag
Passed all flags
https/:/AMnIGiQQhJaRagFtSFATBDlVaatSTYREPGjWGfVRUxDpBeHf.net:
Passed default
Passed all schemes flag
Passed all schemes + 2 slash flag
Passed all schemes + fragment flag
Passed all schemes + local flag
Passed all flags
    :/:z*]#&gt;;ceCi,3}iPF^EwO&gt;sORDC&lt;/C=*zJmK70\n.com/m?VAp+&lt;!V
Passed default
Passed all schemes flag
Passed all schemes + 2 slash flag
Passed all schemes + fragment flag
Passed all schemes + local flag
Passed all flags
 sadasd /:/
Passed default
Passed all schemes flag
Passed all schemes + 2 slash flag
Passed all schemes + fragment flag
Passed all schemes + local flag
Passed all flags
:  7kr&quot;*&amp;&gt;rFl&apos;A7`Cx`lX8spQcom 
Passed default
Passed all schemes flag
Passed all schemes + 2 slash flag
Passed all schemes + fragment flag
Passed all schemes + local flag
Passed all flags
http//:?o]1weMzxb,Vvd=z58PMukYV q@^8sn_9e=.;~kVynU9}CXn.com/X:&gt;2A~q&quot;Mr#^TAV5pkmLYrX\f;#mc_&lt;=LtT&gt;E.O},&lt;*5
Passed default
Passed all schemes flag
Passed all schemes + 2 slash flag
Passed all schemes + fragment flag
Passed all schemes + local flag
Passed all flags
http:/:ha}]|U(sg&apos;&apos;A:OS&lt;ry&lt;-.net/rGQVCMyFIVlmoUmvsjKnUONmRRJPMTbnqIt
Passed default
Passed all schemes flag
Passed all schemes + 2 slash flag
Passed all schemes + fragment flag
Passed all schemes + local flag
Passed all flags
$209321   #b1o]UEq/&lt;5}_HTsiTF0.b4.com IssXYsUonjYEcjpLMVVZVSmbaBgxRefXYtDrTID
Passed default
Passed all schemes flag
Passed all schemes + 2 slash flag
Passed all schemes + fragment flag
Passed all schemes + local flag
Passed all flags
 sadasd//:-N|.com/DGrGKrf
Passed default
Passed all schemes flag
Passed all schemes + 2 slash flag
Passed all schemes + fragment flag
Passed all schemes + local flag
Passed all flags
http:4v!zM&quot;i??KC9e},dj+_7?W&amp;oU&apos;pcF(Z.com
Passed default
Passed all schemes flag
Passed all schemes + 2 slash flag
Passed all schemes + fragment flag
Passed all schemes + local flag
Passed all flags
https:/:s/po/fDau7 r&apos;NNrb.com/nUjARZGhfxyxvPFWEEWsOtsxuOSrddBCOFaoHkgtp
Passed default
Passed all schemes flag
Passed all schemes + 2 slash flag
Passed all schemes + fragment flag
Passed all schemes + local flag
Passed all flags
123211:/:z|\F&amp;tKP&gt;P}`T&amp;k]VjIvCY{~Qog.gov/iKIl]ADK}q~DhC1egq?cm5pE3&amp;PrXSFw-HjvH oei9K&lt;9p:*Z
Passed default
Passed all schemes flag
Passed all schemes + 2 slash flag
Passed all schemes + fragment flag
Passed all schemes + local flag
Passed all flags
http /:JZcQKLZpjKcWQxlINDgkTNScuynBQhWWHAJyKQYQfajds;kjdls/
Passed default
Passed all schemes flag
Passed all schemes + 2 slash flag
Passed all schemes + fragment flag
Passed all schemes + local flag
Passed all flags
    :r[,eb:Hfajds;kjdls.d9aI2
Passed default
Passed all schemes flag
Passed all schemes + 2 slash flag
Passed all schemes + fragment flag
Passed all schemes + local flag
Passed all flags
AAA:/:fO.IxLQrN9#)&gt;FZ=P/@Weh=V8]uR~Ub.com/U@2q;3I1QM] Z(OT3SLo^de/07+rQ-4#\VCcaSY ^
Passed default
Passed all schemes flag
Passed all schemes + 2 slash flag
Passed all schemes + fragment flag
Passed all schemes + local flag
Passed all flags
http//:=)gg+Vqae@yS0KK.a9HY~q[ /`vztFg&lt;&gt;15&gt;r/33&amp;WY;jo}Y
Passed default
Passed all schemes flag
Passed all schemes + 2 slash flag
Passed all schemes + fragment flag
Passed all schemes + local flag
Passed all flags
http::/9g&quot; nfrg}58&lt;o&quot;%_A}BXM/2g -Z.com:
Passed default
Passed all schemes flag
Passed all schemes + 2 slash flag
Passed all schemes + fragment flag
Passed all schemes + local flag
Passed all flags
HttP:  vGC`7E S_4~YQbI&gt;JkX;pZ`R`--uz;~it&quot;i6_Tlo.com LjHxeCkEvLiVMlC
Passed default
Passed all schemes flag
Passed all schemes + 2 slash flag
Passed all schemes + fragment flag
Passed all schemes + local flag
Passed all flags
    :/:PYWYnlA;2).gov/|Sn
Passed default
Passed all schemes flag
Passed all schemes + 2 slash flag
Passed all schemes + fragment flag
Passed all schemes + local flag
Passed all flags
 :uv&apos;]OXf$Al&gt;u+;r!.comY&apos;7X0R&apos;T+:&apos;H*#4-W&quot;Aw$c\Fd+h.&gt;
Passed default
Passed all schemes flag
Passed all schemes + 2 slash flag
Passed all schemes + fragment flag
Passed all schemes + local flag
Passed all flags
http:iApCLrZOUjhVwFgaCSWBvNk
Passed default
Passed all schemes flag
Passed all schemes + 2 slash flag
Passed all schemes + fragment flag
Passed all schemes + local flag
Passed all flags
:/:OdM.\= L(LGvvr)plg+Y~S%l4fajds;kjdls/v
Passed default
Passed all schemes flag
Passed all schemes + 2 slash flag
Passed all schemes + fragment flag
Passed all schemes + local flag
Passed all flags
AAA:/:b;7pRf&amp;`Y=sq#3Mj?1l500&lt;U2ra~Nzm.com/\j+0Vt
Passed default
Passed all schemes flag
Passed all schemes + 2 slash flag
Passed all schemes + fragment flag
Passed all schemes + local flag
Passed all flags
:/:r6?d0WnMcz)H1V;sTrA&quot;mu[QO 4/))N.com/N^Z+&quot;-3
Passed default
Passed all schemes flag
Passed all schemes + 2 slash flag
Passed all schemes + fragment flag
Passed all schemes + local flag
Passed all flags
https:/jH@x@Rmo]9BYfNl#V9Zz-$)9l%YX.net:FYiSSqifENhkBHdoo
Passed default
Passed all schemes flag
Passed all schemes + 2 slash flag
Passed all schemes + fragment flag
Passed all schemes + local flag
Passed all flags
HTTP /:u9wYAfajds;kjdls/
Passed default
Passed all schemes flag
Passed all schemes + 2 slash flag
Passed all schemes + fragment flag
Passed all schemes + local flag
Passed all flags
http:/:LXIdOyuFAcom/
Passed default
Passed all schemes flag
Passed all schemes + 2 slash flag
Passed all schemes + fragment flag
Passed all schemes + local flag
Passed all flags
123211/:&quot;w8&apos;`XM.com/mbeDWsaFcfkTnXYoRPWrkFWaIxoDZmPwqrgnWI
Passed default
Passed all schemes flag
Passed all schemes + 2 slash flag
Passed all schemes + fragment flag
Passed all schemes + local flag
Passed all flags
 /:7&quot;!u&gt;fG&amp;RdV HT:~=Vs=&apos;C{D9u9 `=hTkjK6V9,dBh:hT:k0.com/+uv^P+&apos;ZYrYWb)jfRfinSP%+&quot;\QvPZ-
Passed default
Passed all schemes flag
Passed all schemes + 2 slash flag
Passed all schemes + fragment flag
Passed all schemes + local flag
Passed all flags
https/  ]) ors%%g[&lt;f!R#9r!:e.?}#w  
Passed default
Passed all schemes flag
Passed all schemes + 2 slash flag
Passed all schemes + fragment flag
Passed all schemes + local flag
Passed all flags
 sadasd /:5VETR]uH/FE-WJI{H)d)/QpM]Ols8[@kI3G8com/
Passed default
Passed all schemes flag
Passed all schemes + 2 slash flag
Passed all schemes + fragment flag
Passed all schemes + local flag
Passed all flags
http:/:.net/P\RsxG&amp;Vq&amp;@~RS)hUOsWA;t4f:~5ZkgMTF EH6 r1
Passed default
Passed all schemes flag
Passed all schemes + 2 slash flag
Passed all schemes + fragment flag
Passed all schemes + local flag
Passed all flags
https:LISe
Passed default
Passed all schemes flag
Passed all schemes + 2 slash flag
Passed all schemes + fragment flag
Passed all schemes + local flag
Passed all flags
https::/ZvG0x13;H4{@+r;&apos;z3IAt.com:ND4d|&amp;.UzeY~f=G@-L$&quot;PC3@ER
Passed default
Passed all schemes flag
Passed all schemes + 2 slash flag
Passed all schemes + fragment flag
Passed all schemes + local flag
Passed all flags
http:  jy=y:Y=Q$Bfh4]Jkfajds;kjdls mRMlZQXZvMpMXLdFxEIHCwOYAcGDRPGcKLAPnPWagBkRJ
Passed default
Passed all schemes flag
Passed all schemes + 2 slash flag
Passed all schemes + fragment flag
Passed all schemes + local flag
Passed all flags
HttP /:hc/dZflLm:ox#lfl&gt;,,k9Pk4LP5xlR8p)&gt;?.com/PnkeNSHPYDaDqBlCoihJFqFEafymakIcgceleN
Passed default
Passed all schemes flag
Passed all schemes + 2 slash flag
Passed all schemes + fragment flag
Passed all schemes + local flag
Passed all flags
http /:yHsyrXLblPqQGeCjIoUcEWrYTwKxlscFNLLOskFljvcom/
Passed default
Passed all schemes flag
Passed all schemes + 2 slash flag
Passed all schemes + fragment flag
Passed all schemes + local flag
Passed all flags
123211//:mX:&amp;Q`~E%GcgS:$W5=guN&gt;q/^UefMKFb.C~#^NLRAbfajds;kjdls/
Passed default
Passed all schemes flag
Passed all schemes + 2 slash flag
Passed all schemes + fragment flag
Passed all schemes + local flag
Passed all flags
http:/:CSfeIHorcPGhVLUDgUm.com/
Passed default
Passed all schemes flag
Passed all schemes + 2 slash flag
Passed all schemes + fragment flag
Passed all schemes + local flag
Passed all flags
http::/]o:Zpm#]3a[0snH17,4E=bN7Bhq&gt;?tN.gov:@b&amp;)Z7W7UA({U4:wUtae66$KTp)&amp;RoZ*28x
Passed default
Passed all schemes flag
Passed all schemes + 2 slash flag
Passed all schemes + fragment flag
Passed all schemes + local flag
Passed all flags
https::/xHlM%^*,TT1rn,~LXT\!T7`bdO&quot;=7&gt;|^P9.net:pNwV{:_
Passed default
Passed all schemes flag
Passed all schemes + 2 slash flag
Passed all schemes + fragment flag
Passed all schemes + local flag
Passed all flags
$209321:/:qfIxYoWgmDlVTxADbIMfumpcaLGilImlQPXxySQBMAh.net/
Passed default
Passed all schemes flag
Passed all schemes + 2 slash flag
Passed all schemes + fragment flag
Passed all schemes + local flag
Passed all flags
 /:Pj8^DrZ|qk;C*%,H_C&amp;+&quot;QJX.com/nJ_5$cc!4?-2*r`%5Vev|~Hj&gt;M%7Ng.IUw&amp;P
Passed default
Passed all schemes flag
Passed all schemes + 2 slash flag
Passed all schemes + fragment flag
Passed all schemes + local flag
Passed all flags
:/:3DF;=/6&quot;mfvuzC6m*,pn@#WxzLe\px.gov/
Passed default
Passed all schemes flag
Passed all schemes + 2 slash flag
Passed all schemes + fragment flag
Passed all schemes + local flag
Passed all flags
http/:tJ7}avRVi&apos;.F%i2]=al`Y.com/}n
Passed default
Passed all schemes flag
Passed all schemes + 2 slash flag
Passed all schemes + fragment flag
Passed all schemes + local flag
Passed all flags
$209321/wNHet2^eD&amp;BU.comE7kIwfib72|5493Ob&apos;-a9&gt;d@QHr0
Passed default
Passed all schemes flag
Passed all schemes + 2 slash flag
Passed all schemes + fragment flag
Passed all schemes + local flag
Passed all flags
//:&amp;B#Gq/X~m*&apos;(G`W /o&apos;dJUKVGh nmoUShV^\a[lA&gt;4yi#K{T6&amp;A_Ub,-a\_&gt;bFE&quot;=
Passed default
Passed all schemes flag
Passed all schemes + 2 slash flag
Passed all schemes + fragment flag
Passed all schemes + local flag
Passed all flags
https :/mcTdnyTOPybdypIjwYqMmAXcyGXSaHTGyYbjVkJkOJ.com:
Passed default
Passed all schemes flag
Passed all schemes + 2 slash flag
Passed all schemes + fragment flag
Passed all schemes + local flag
Passed all flags
HttP @#3[5RwUge&amp;,^com
Passed default
Passed all schemes flag
Passed all schemes + 2 slash flag
Passed all schemes + fragment flag
Passed all schemes + local flag
Passed all flags
 sadasd:/:f8&amp;+gl,gfzINSQ|Kgz~6FERv0&apos;Ptaz.?i$-NMs,kcom/G\;Vr:1[0%c(/ai(H]wA|6&quot;O[&lt;{tRAMYqn
Passed default
Passed all schemes flag
Passed all schemes + 2 slash flag
Passed all schemes + fragment flag
Passed all schemes + local flag
Passed all flags
    //:O*qA5&quot;AB6|+.+}O1Q&quot;P+&gt;f9gEfx&quot;-&amp;qc&quot;Y7Y7@R.com/Ro5Hi?U5HPxlsp/s&lt;.&apos;5&gt;wgath?tQ#hch
Passed default
Passed all schemes flag
Passed all schemes + 2 slash flag
Passed all schemes + fragment flag
Passed all schemes + local flag
Passed all flags
https:/:Qb7/LtDf!_4a%:s.MTdxd`M)t^*yZ7-B{2c8O|gPT)7rcz;Rn.com/
Passed default
Passed all schemes flag
Passed all schemes + 2 slash flag
Passed all schemes + fragment flag
Passed all schemes + local flag
Passed all flags
http:/:AnvpRtrygfGfBaTqEycejusbS/
Passed default
Passed all schemes flag
Passed all schemes + 2 slash flag
Passed all schemes + fragment flag
Passed all schemes + local flag
Passed all flags
$209321:/:cm-H:l&apos;FgkB9&quot;P?_2hD;w7QsVi$5Aaj(C{eJvV&quot;m[(a.com/
Passed default
Passed all schemes flag
Passed all schemes + 2 slash flag
Passed all schemes + fragment flag
Passed all schemes + local flag
Passed all flags
http/EjK$;yXcomaQmigwpLXEdSFLfodyGYMRHGQpxdiSJLKUq
Passed default
Passed all schemes flag
Passed all schemes + 2 slash flag
Passed all schemes + fragment flag
Passed all schemes + local flag
Passed all flags
http:  km:B4p~m#@jGj!^Uu7(t.net (K&amp;i6,1 B.bVE
Passed default
Passed all schemes flag
Passed all schemes + 2 slash flag
Passed all schemes + fragment flag
Passed all schemes + local flag
Passed all flags
AAA/:I3Oe8axd+&lt;.:,A0BcN&apos;P2/GSLWfwMJtpRSrrxrKLqJRjvnPXrADBihToVvnvaoXQ
Passed default
Passed all schemes flag
Passed all schemes + 2 slash flag
Passed all schemes + fragment flag
Passed all schemes + local flag
Passed all flags
 :/:Ccom/h-EcwKhT&gt;{c/&gt;UW*.~3}+!&apos;dS)x&lt;C&amp;&gt;Q.n(+Ma&quot;YQ
Passed default
Passed all schemes flag
Passed all schemes + 2 slash flag
Passed all schemes + fragment flag
Passed all schemes + local flag
Passed all flags
 sadasd:/:T&amp;QH3=v(h3&apos;O_N|Y`r|}EG/FbgQPyXJMcGKwRaasoTANPniqUZdbtOBtdy
Passed default
Passed all schemes flag
Passed all schemes + 2 slash flag
Passed all schemes + fragment flag
Passed all schemes + local flag
Passed all flags
https/:mM,qESE&amp;ows6hE.!i}D u!!ZS$&apos;3@.uL];(,9L?gS_&quot;zQlMC.com/Z91pa*y(kp*w`;_&lt;B}Tig^[|hjPKnQ_Nu*q&amp; N
Passed default
Passed all schemes flag
Passed all schemes + 2 slash flag
Passed all schemes + fragment flag
Passed all schemes + local flag
Passed all flags
HTTP YkR*9{,FC]6l3@o&gt;V@NuK1l~nI3pvvKI&quot;S+qaIiB00?9.comY&amp;
Passed default
Passed all schemes flag
Passed all schemes + 2 slash flag
Passed all schemes + fragment flag
Passed all schemes + local flag
Passed all flags
HttP:/:d/A+=]^%\!)eB Vc\&lt;\CVtobpSf(&lt;q.gov/g/[_fxw|0Cvl!wqnL,eb7]m.a9&gt;=em*8*p
Passed default
Passed all schemes flag
Passed all schemes + 2 slash flag
Passed all schemes + fragment flag
Passed all schemes + local flag
Passed all flags
 :/:P?E !w_oObaEB$`O:mS0[X*N|Ag /NvB
Passed default
Passed all schemes flag
Passed all schemes + 2 slash flag
Passed all schemes + fragment flag
Passed all schemes + local flag
Passed all flags
http   qDEtfajds;kjdls 
Passed default
Passed all schemes flag
Passed all schemes + 2 slash flag
Passed all schemes + fragment flag
Passed all schemes + local flag
Passed all flags
    //:Ke1sl.gov/suQKhyeBWN
Passed default
Passed all schemes flag
Passed all schemes + 2 slash flag
Passed all schemes + fragment flag
Passed all schemes + local flag
Passed all flags
HTTP/:z[H!hl?_zJ&gt;ao)jW.com/!aUw/OQqdV
Passed default
Passed all schemes flag
Passed all schemes + 2 slash flag
Passed all schemes + fragment flag
Passed all schemes + local flag
Passed all flags
http//:lTPcMmqZXfllNm /
Passed default
Passed all schemes flag
Passed all schemes + 2 slash flag
Passed all schemes + fragment flag
Passed all schemes + local flag
Passed all flags
 /:7TZzisEf^p8)G=Z!Mkv6b&apos;%_Z&apos;j2ZpvoB$Y{`_&amp;v&amp;OM.com/FHMcE&lt;MK$WVq%p_[jE&apos; /v^_+BA
Passed default
Passed all schemes flag
Passed all schemes + 2 slash flag
Passed all schemes + fragment flag
Passed all schemes + local flag
Passed all flags
123211::/TCakVyXrgMMMCtYiOpmgLdijwOcXptPfajds;kjdls:
Passed default
Passed all schemes flag
Passed all schemes + 2 slash flag
Passed all schemes + fragment flag
Passed all schemes + local flag
Passed all flags
HttP:/:SSfajds;kjdls/
Passed default
Passed all schemes flag
Passed all schemes + 2 slash flag
Passed all schemes + fragment flag
Passed all schemes + local flag
Passed all flags
https:/:!e%``1/SeWqjIIMdnQscfIXQ
Passed default
Passed all schemes flag
Passed all schemes + 2 slash flag
Passed all schemes + fragment flag
Passed all schemes + local flag
Passed all flags
http/:vc#:aF^7]&lt;G&lt;\sr[{lC}nT3gMm]Q_7\cF4S^B3=~~jtu /{7NUTTe);G;!o&apos;v%}1+!NCY$MVIQCLQiS1g&quot;Md2c!\/
Passed default
Passed all schemes flag
Passed all schemes + 2 slash flag
Passed all schemes + fragment flag
Passed all schemes + local flag
Passed all flags
123211:/:n*69&apos;uV|K~tLs`~_OSh P{il-?AC6Vk&amp;`FgViZ&amp;[V+{@3.com/
Passed default
Passed all schemes flag
Passed all schemes + 2 slash flag
Passed all schemes + fragment flag
Passed all schemes + local flag
Passed all flags
http:/:fajds;kjdls/?l&lt;CI7:OM7nE(`$`N:5Wa~Dpr|IOl)U:N$
Passed default
Passed all schemes flag
Passed all schemes + 2 slash flag
Passed all schemes + fragment flag
Passed all schemes + local flag
Passed all flags
:  9RWC8H/O&lt;Fc$HcXtr&lt;-=BaS:0f?fZi+]t$z#S( SKrWF)$  
Passed default
Passed all schemes flag
Passed all schemes + 2 slash flag
Passed all schemes + fragment flag
Passed all schemes + local flag
Passed all flags
123211:/:n-NI0&lt;XquAKMC6~oR&gt;Cq^@Wv&lt;+M&amp;!P}rMEFFfb71_C&quot;\)WFy.com/|=L&quot;eg*.\U%Ykbr]2rTC-
Passed default
Passed all schemes flag
Passed all schemes + 2 slash flag
Passed all schemes + fragment flag
Passed all schemes + local flag
Passed all flags
$209321::/RVa|on7lYb.o$ bYI$k-)0L.h6&lt;.&gt;Ubj8x&quot;JlyGb.gov:
Passed default
Passed all schemes flag
Passed all schemes + 2 slash flag
Passed all schemes + fragment flag
Passed all schemes + local flag
Passed all flags
$209321/  %q29P&apos;Xm:[wu``%&gt;\xy]~uWng@fajds;kjdls 
Passed default
Passed all schemes flag
Passed all schemes + 2 slash flag
Passed all schemes + fragment flag
Passed all schemes + local flag
Passed all flags
HttP:  M8;Vo&gt;(]G6@]#LV&amp;LGh&amp;&amp;_*Nva$.com _*KFvLVC-86Ic@`JjeYkBy8XfY%!}xXD%UqK*
Passed default
Passed all schemes flag
Passed all schemes + 2 slash flag
Passed all schemes + fragment flag
Passed all schemes + local flag
Passed all flags
http:/:kqwJdMcom/
Passed default
Passed all schemes flag
Passed all schemes + 2 slash flag
Passed all schemes + fragment flag
Passed all schemes + local flag
Passed all flags
 sadasd:/:pyib]!com/lXCRjsuLrJymfEJMeITZDoCnOkikwbCvxvPeIZHPXSTcYKTR
Passed default
Passed all schemes flag
Passed all schemes + 2 slash flag
Passed all schemes + fragment flag
Passed all schemes + local flag
Passed all flags
HttP /::*e~)&gt;{S&apos;k/Qo83C3(C89[4DR364 /(I.2q^?S2;m+#1No%S=jjawXpXdJ N8aE~q|j.&quot;&lt;%xM
Passed default
Passed all schemes flag
Passed all schemes + 2 slash flag
Passed all schemes + fragment flag
Passed all schemes + local flag
Passed all flags
http:tQCbSfbDTnQLyYfMGIMOhJDRqAFyWRmpOxmBZeh 
Passed default
Passed all schemes flag
Passed all schemes + 2 slash flag
Passed all schemes + fragment flag
Passed all schemes + local flag
Passed all flags
HttP/:/m$8&apos;Ypgr{bbEm%KEChVkO)o!e\tvcom:C;5m9M)bR=9D.;(zFfV3 G~x+Mvt\Dh]&gt;&amp;&apos;~&apos;
Passed default
Passed all schemes flag
Passed all schemes + 2 slash flag
Passed all schemes + fragment flag
Passed all schemes + local flag
Passed all flags
 sadasd:/:@gs[P,Ad9,T0p&apos;E{oCY}!Hs%*bAC&apos;E-&quot;xfAsrI9D!gQQ-/MHsVgaBITmluiVLbdfpVapLTOlHlmAFxDBjQsZhdoSvjNer
Passed default
Passed all schemes flag
Passed all schemes + 2 slash flag
Passed all schemes + fragment flag
Passed all schemes + local flag
Passed all flags
HTTP::/Yb^!9J~&gt;Vzx3Pa?jE.com:)UmOwQY-Afh:Z`#b]_5!H:&quot;P~+b7EQ1ncJGGIn
Passed default
Passed all schemes flag
Passed all schemes + 2 slash flag
Passed all schemes + fragment flag
Passed all schemes + local flag
Passed all flags
HTTP}dE8N:sAO+,l2yS3h&quot;0F%jb8=U.combNpM$5o6]:4~A&lt;vRPudipRMA@&quot;
Passed default
Passed all schemes flag
Passed all schemes + 2 slash flag
Passed all schemes + fragment flag
Passed all schemes + local flag
Passed all flags
AAA:  `[\t.com BqsHPVdhJAtXERmSFYTmCvJ
Passed default
Passed all schemes flag
Passed all schemes + 2 slash flag
Passed all schemes + fragment flag
Passed all schemes + local flag
Passed all flags
HTTP:9NObG#1opvm~Pe;(5\17d&lt;wYVl+fajds;kjdlsUPCLMKBQAhySbKaaEpoyMEpUfrdmAyUgcdiRsWo
Passed default
Passed all schemes flag
Passed all schemes + 2 slash flag
Passed all schemes + fragment flag
Passed all schemes + local flag
Passed all flags
http:/9dsrC$)$/.net:ckUiwJFWLcIvcCunByaKokOvCOIdPkjW
Passed default
Passed all schemes flag
Passed all schemes + 2 slash flag
Passed all schemes + fragment flag
Passed all schemes + local flag
Passed all flags
AAA:/:#}:D$p /GZdNPwAUrsATjNTGKNtepILembwJQHhPPdQvqvjnCsgqvkNl
Passed default
Passed all schemes flag
Passed all schemes + 2 slash flag
Passed all schemes + fragment flag
Passed all schemes + local flag
Passed all flags
123211:vDRLSERSphXQHCxO.com
Passed default
Passed all schemes flag
Passed all schemes + 2 slash flag
Passed all schemes + fragment flag
Passed all schemes + local flag
Passed all flags
/  v2=QqF9&apos;Q&gt;y EXmWI&lt;Y!6QTr/Pbg`q#V{1y]b_v.gov 
Passed default
Passed all schemes flag
Passed all schemes + 2 slash flag
Passed all schemes + fragment flag
Passed all schemes + local flag
Passed all flags
:/:XzaGDaq@dF74xe1?7m,!aYl&apos;.m}JyA}slO4Jgj-b&gt;2nvJB` com/
Passed default
Passed all schemes flag
Passed all schemes + 2 slash flag
Passed all schemes + fragment flag
Passed all schemes + local flag
Passed all flags
http:/:ypkY.com/mU3JZwkb9aASTQqtjoZ*3\`0Yy9h}Y.-|`KSAxb&lt;H}f?v
Passed default
Passed all schemes flag
Passed all schemes + 2 slash flag
Passed all schemes + fragment flag
Passed all schemes + local flag
Passed all flags
https:/:.86eo/pl={|&gt;)o^m.gov/N?@Zg}3[^9cj+T.Ayf]fUi=+jC4Pf}~
Passed default
Passed all schemes flag
Passed all schemes + 2 slash flag
Passed all schemes + fragment flag
Passed all schemes + local flag
Passed all flags
https:;@&gt;0C1TjLyKV\`3.com
Passed default
Passed all schemes flag
Passed all schemes + 2 slash flag
Passed all schemes + fragment flag
Passed all schemes + local flag
Passed all flags
http  EQTQeXWE.net 
Passed default
Passed all schemes flag
Passed all schemes + 2 slash flag
Passed all schemes + fragment flag
Passed all schemes + local flag
Passed all flags
https:pd&lt;W9:9AA-}9GwQ)7JPOAbL.netnwJevGiwFCvGrwwpuFMdeReeSUFENXRsnTKBHikeXbnyWqbl
Passed default
Passed all schemes flag
Passed all schemes + 2 slash flag
Passed all schemes + fragment flag
Passed all schemes + local flag
Passed all flags
AAA geLBkUYitKmLJEkmXbDHHOPf 
Passed default
Passed all schemes flag
Passed all schemes + 2 slash flag
Passed all schemes + fragment flag
Passed all schemes + local flag
Passed all flags
 :/:XiGU(5=P&lt;k|Lx3*^d|@xR87CXHfs}ZLt.net/AJC[&gt;0AN*H8Y
Passed default
Passed all schemes flag
Passed all schemes + 2 slash flag
Passed all schemes + fragment flag
Passed all schemes + local flag
Passed all flags
https:  NC2wOG3*xcy16OONd3qzq.com 
Passed default
Passed all schemes flag
Passed all schemes + 2 slash flag
Passed all schemes + fragment flag
Passed all schemes + local flag
Passed all flags
HttP w_t[+8l :O(A@z%0o(+&apos;~.A&apos;aUpDv#iOgm5AH NJf663,*yQ`g (qpW^;vZcw1
Passed default
Passed all schemes flag
Passed all schemes + 2 slash flag
Passed all schemes + fragment flag
Passed all schemes + local flag
Passed all flags
 sadasd /:XS.gov/e[vR~=&gt;84ocWI\C&amp;`;Ai?
Passed default
Passed all schemes flag
Passed all schemes + 2 slash flag
Passed all schemes + fragment flag
Passed all schemes + local flag
Passed all flags
 sadasd:/:!SJ%9Uv6&apos;gMUhmUCJ~Z=? 2W~csf,`{=CQ.com/-sL?^Il^Z_+
Passed default
Passed all schemes flag
Passed all schemes + 2 slash flag
Passed all schemes + fragment flag
Passed all schemes + local flag
Passed all flags
HTTPzdr9m8e}@n^b-.comcRNlgQDgdrWViDeeZkV
Passed default
Passed all schemes flag
Passed all schemes + 2 slash flag
Passed all schemes + fragment flag
Passed all schemes + local flag
Passed all flags
https:/:xmrv-AB|D6l0#0ZI*J\r4[*]/&quot;#Y.Ngh!SibzOHOw/wU1gv xOc
Passed default
Passed all schemes flag
Passed all schemes + 2 slash flag
Passed all schemes + fragment flag
Passed all schemes + local flag
Passed all flags
HTTP::/x2s&quot;/]Y~(JXg$km_B`YcN| .Whs/@&apos;VzDGjr&lt;HaTE.gov:
Passed default
Passed all schemes flag
Passed all schemes + 2 slash flag
Passed all schemes + fragment flag
Passed all schemes + local flag
Passed all flags
HTTP::/)LF;gxnXojjHMy!- Ty.net:
Passed default
Passed all schemes flag
Passed all schemes + 2 slash flag
Passed all schemes + fragment flag
Passed all schemes + local flag
Passed all flags
https/:34.7q.;qu(e\e.com/i
Passed default
Passed all schemes flag
Passed all schemes + 2 slash flag
Passed all schemes + fragment flag
Passed all schemes + local flag
Passed all flags
 sadasd:?u4OJm7Jz2u$vZ&quot;qQM*Q0|.$(uOuPyg?8(r)98.com+x&lt;i=^J&amp;rjC$$&apos;df&gt;ge&apos;naN#LTFbLyFqcOk?_=mg&lt;3^@
Passed default
Passed all schemes flag
Passed all schemes + 2 slash flag
Passed all schemes + fragment flag
Passed all schemes + local flag
Passed all flags
HTTP:/:)k!.net/V
Passed default
Passed all schemes flag
Passed all schemes + 2 slash flag
Passed all schemes + fragment flag
Passed all schemes + local flag
Passed all flags
https:/:hBnWlqUEoTcRXFgyuEwAAAIUCqRglxGWTLW.com/
Passed default
Passed all schemes flag
Passed all schemes + 2 slash flag
Passed all schemes + fragment flag
Passed all schemes + local flag
Passed all flags
HTTP//:RUmVLHZxut.com/
Passed default
Passed all schemes flag
Passed all schemes + 2 slash flag
Passed all schemes + fragment flag
Passed all schemes + local flag
Passed all flags
/:GnK&quot;7|QtG+A5HvdAdXb`2?z}tM &quot;WAlTf+Xfajds;kjdls/
Passed default
Passed all schemes flag
Passed all schemes + 2 slash flag
Passed all schemes + fragment flag
Passed all schemes + local flag
Passed all flags
123211/:98B*.gov/lP6#7\5C I*-6CLeC{&lt;FyTfER&quot;;n w.@=/ y1/*1g)$\W90
Passed default
Passed all schemes flag
Passed all schemes + 2 slash flag
Passed all schemes + fragment flag
Passed all schemes + local flag
Passed all flags
 //:VGV|_Xj_&amp;WVq  //ML64ueQstLUGPe
Passed default
Passed all schemes flag
Passed all schemes + 2 slash flag
Passed all schemes + fragment flag
Passed all schemes + local flag
Passed all flags
AAA//:f&apos;d=h`MT0pb1j&amp;.3F&quot;HkykeIcT&gt;?HX96Z8 f /
Passed default
Passed all schemes flag
Passed all schemes + 2 slash flag
Passed all schemes + fragment flag
Passed all schemes + local flag
Passed all flags
HttP/  $UBYS&lt;3)B!;QZ 
Passed default
Passed all schemes flag
Passed all schemes + 2 slash flag
Passed all schemes + fragment flag
Passed all schemes + local flag
Passed all flags
 sadasd:/:.com/
Passed default
Passed all schemes flag
Passed all schemes + 2 slash flag
Passed all schemes + fragment flag
Passed all schemes + local flag
Passed all flags
/BI$2!SRG8%=-}iD1rdjG7bV)=3&amp;&gt;XfLqRaA&quot;q &lt;$P 
Passed default
Passed all schemes flag
Passed all schemes + 2 slash flag
Passed all schemes + fragment flag
Passed all schemes + local flag
Passed all flags
https:/:EOJmVkoWGNegFkHYeaZJuloANmphZUVIpeeKImVrp /
Passed default
Passed all schemes flag
Passed all schemes + 2 slash flag
Passed all schemes + fragment flag
Passed all schemes + local flag
Passed all flags
http /:3ma^c0:7^7C34&gt;etIlcllE /4d/97Wj+?yG{;[HppN.com/)0&amp;)XR|doWmdbdsqG
Passed default
Passed all schemes flag
Passed all schemes + 2 slash flag
Passed all schemes + fragment flag
Passed all schemes + local flag
Passed all flags
http:,XSh+,K\9det&quot;\Lo)Vdq*rcNWWB&lt;qXu
Passed default
Passed all schemes flag
Passed all schemes + 2 slash flag
Passed all schemes + fragment flag
Passed all schemes + local flag
Passed all flags
    :Jx,mT6j-qosEbH/#pt?~&quot;?!m?\D/w=bK,K2\v.govHTFVmpWEwQmWtuirjAdykUTlXmFjCXoKuhAWZqsF
Passed default
Passed all schemes flag
Passed all schemes + 2 slash flag
Passed all schemes + fragment flag
Passed all schemes + local flag
Passed all flags
http:/:o@e}4t@1TYqIf/8n /*Xp1j/lD5p&apos;WqSN)D/?cmC?
Passed default
Passed all schemes flag
Passed all schemes + 2 slash flag
Passed all schemes + fragment flag
Passed all schemes + local flag
Passed all flags
$209321/:2u= -9/yQEEj:4WkWcom/fjQatbjSXfWlTVqrTFGmpcLlXApELygEW
Passed default
Passed all schemes flag
Passed all schemes + 2 slash flag
Passed all schemes + fragment flag
Passed all schemes + local flag
Passed all flags
http/: ,_ZT1g$a.gov/
Passed default
Passed all schemes flag
Passed all schemes + 2 slash flag
Passed all schemes + fragment flag
Passed all schemes + local flag
Passed all flags
https:/:N,$)IuE~~Fbu69w2~XKvR(h|sL/
Passed default
Passed all schemes flag
Passed all schemes + 2 slash flag
Passed all schemes + fragment flag
Passed all schemes + local flag
Passed all flags
AAA//:_KrX/l=com/V-iz+Mf\M^Yj.*81Tt#a(fKt2s-I5SV8rTTKU9z2{&amp;`q9M
Passed default
Passed all schemes flag
Passed all schemes + 2 slash flag
Passed all schemes + fragment flag
Passed all schemes + local flag
Passed all flags
https /:gV]dO[:4\h8v/}-3^Q.8AeLXuk.%KeP RoX`zhY;.com/1buO&quot;r%eaSsAwD_c~_Z&lt;6g:eR&quot;;6WEW{=:c5
Passed default
Passed all schemes flag
Passed all schemes + 2 slash flag
Passed all schemes + fragment flag
Passed all schemes + local flag
Passed all flags
    :/:NgXIKFIbyjNxeRGtRDYmZLSCepdTgicNWje /
Passed default
Passed all schemes flag
Passed all schemes + 2 slash flag
Passed all schemes + fragment flag
Passed all schemes + local flag
Passed all flags
:/:/o&gt;aCXYe)&quot;rWHis7EU&gt;((FX20uv?wn4caEbF3nX4$-&amp;&apos;XF.com/nPuoDWDygUwitKmvpkACO
Passed default
Passed all schemes flag
Passed all schemes + 2 slash flag
Passed all schemes + fragment flag
Passed all schemes + local flag
Passed all flags
https  |&gt;.;@grgt&amp;2/#*H&quot;/?DVj\@\.com kH&apos;*rn^Q[
Passed default
Passed all schemes flag
Passed all schemes + 2 slash flag
Passed all schemes + fragment flag
Passed all schemes + local flag
Passed all flags
HTTP:/:Hcom/ZQdgedSgXTZISppIsmZTfqTtnRC
Passed default
Passed all schemes flag
Passed all schemes + 2 slash flag
Passed all schemes + fragment flag
Passed all schemes + local flag
Passed all flags
 sadasd  hjxVJBuasHuCCWcom 
Passed default
Passed all schemes flag
Passed all schemes + 2 slash flag
Passed all schemes + fragment flag
Passed all schemes + local flag
Passed all flags
  /:S17#r&apos;?(MNpS8_3PM&apos;n3)&apos;TXe= /vO
Passed default
Passed all schemes flag
Passed all schemes + 2 slash flag
Passed all schemes + fragment flag
Passed all schemes + local flag
Passed all flags
https:/:o\22 /s,x2TKA_(jIJ5Ik.o&apos;z &apos; %Ii/LolOy
Passed default
Passed all schemes flag
Passed all schemes + 2 slash flag
Passed all schemes + fragment flag
Passed all schemes + local flag
Passed all flags
HTTP//:.gov/^k{:W&quot;LHd0%\t?4J`
Passed default
Passed all schemes flag
Passed all schemes + 2 slash flag
Passed all schemes + fragment flag
Passed all schemes + local flag
Passed all flags
http:/:LIRxhQ}dkX=?HR_02/%;RjO8mG}@.com/SKqb5xI~qm;j&gt;0ET
Passed default
Passed all schemes flag
Passed all schemes + 2 slash flag
Passed all schemes + fragment flag
Passed all schemes + local flag
Passed all flags
$209321 /:9F`Nn.com/niBybY
Passed default
Passed all schemes flag
Passed all schemes + 2 slash flag
Passed all schemes + fragment flag
Passed all schemes + local flag
Passed all flags
http:/:&quot;(qw1fajds;kjdls/yJUBGuBPVKNMClfFLIUl
Passed default
Passed all schemes flag
Passed all schemes + 2 slash flag
Passed all schemes + fragment flag
Passed all schemes + local flag
Passed all flags
http/:3#&amp;vCx%NCo5*Me)%Itoo[mfajds;kjdls/.\bBOMG =3A/OhilA$.v|:Y~W9@c)Lo54{\Kr&apos;3jP68$G
Passed default
Passed all schemes flag
Passed all schemes + 2 slash flag
Passed all schemes + fragment flag
Passed all schemes + local flag
Passed all flags
http:  ihfppCwlMfRkfylKFMNveKKJkFrZwyars.net 
Passed default
Passed all schemes flag
Passed all schemes + 2 slash flag
Passed all schemes + fragment flag
Passed all schemes + local flag
Passed all flags
    /  n&apos;BZb5s0![Iy.E#Gf6dC&amp;EwsA^?t=t{k&amp;Y6%LDz&lt;E&quot;`t.net O~z&quot;gwJiG3m
Passed default
Passed all schemes flag
Passed all schemes + 2 slash flag
Passed all schemes + fragment flag
Passed all schemes + local flag
Passed all flags
AAA:HqzS|.com8nh/~oR7s.~[gXLS9%h,7EMR
Passed default
Passed all schemes flag
Passed all schemes + 2 slash flag
Passed all schemes + fragment flag
Passed all schemes + local flag
Passed all flags
http:/:{\eE,C&gt;&apos;hN2ediYN~[Cwr7~z4W5&amp;39fajds;kjdls/JVhiS5;Nll07`JYW`ASD7Yf5+)RV[(rSEH
Passed default
Passed all schemes flag
Passed all schemes + 2 slash flag
Passed all schemes + fragment flag
Passed all schemes + local flag
Passed all flags
http:&apos;a9|zkRE0, f[m _hsp&amp;?L+w^UOi#tR&gt;Zf~Pa$!:mf.net%^pbF,KYK3wmV]n{j!b&apos;:I2a/&quot;}Uq^5EE!Y&apos;e&apos;Q
Passed default
Passed all schemes flag
Passed all schemes + 2 slash flag
Passed all schemes + fragment flag
Passed all schemes + local flag
Passed all flags
HTTP  wP_uBrmCvGr&apos;&lt; &quot;Te.(aHUcom dtshUDvArIuymahEfwLDVJGXnwMhTwwolGdKORyqSEdWaKIju
Passed default
Passed all schemes flag
Passed all schemes + 2 slash flag
Passed all schemes + fragment flag
Passed all schemes + local flag
Passed all flags
HTTP/:k OoVDQ y-1\F1m.Kid=.gov/]s0*~oS/[T80I;4wF`B8m.ec;b]|^#N2;gIk/dGRa/iTaOc
Passed default
Passed all schemes flag
Passed all schemes + 2 slash flag
Passed all schemes + fragment flag
Passed all schemes + local flag
Passed all flags
 sadasd/  kLB)g7_&amp;R[$mfajds;kjdls (&lt;#0EY,&amp;T&lt;&lt;1R9&gt;&quot;B#7oQ=
Passed default
Passed all schemes flag
Passed all schemes + 2 slash flag
Passed all schemes + fragment flag
Passed all schemes + local flag
Passed all flags
https  AfvQWqrwfFamVdDGRDkZBD.net 
Passed default
Passed all schemes flag
Passed all schemes + 2 slash flag
Passed all schemes + fragment flag
Passed all schemes + local flag
Passed all flags
 sadasd/:.x2wbx%#K)&amp;&lt;v=|quO+PY;Vkyc7ftddtSTFGgZ4vIz+f%u.com/
Passed default
Passed all schemes flag
Passed all schemes + 2 slash flag
Passed all schemes + fragment flag
Passed all schemes + local flag
Passed all flags
http:/:cU^D8;fNj{g;xA|-%1*p&apos;xMEL6AOaQKU6QJ@r\4}HKBKaq/I.net/o?WFEbqHi[0]&gt;?{?iJ
Passed default
Passed all schemes flag
Passed all schemes + 2 slash flag
Passed all schemes + fragment flag
Passed all schemes + local flag
Passed all flags
HTTP  rADec  
Passed default
Passed all schemes flag
Passed all schemes + 2 slash flag
Passed all schemes + fragment flag
Passed all schemes + local flag
Passed all flags
HttP//:|S97gqkLm%;&gt;7#X=\LLRks0J\o4~sc8(KrBN3PfpfLA$DM.com/rpUvgM| U!V|g&apos;D/&lt;PXV)!&gt;C\\Pk]Ne,&quot;G}@7X
Passed default
Passed all schemes flag
Passed all schemes + 2 slash flag
Passed all schemes + fragment flag
Passed all schemes + local flag
Passed all flags
:  VEk&apos;\0&quot;z-lUbCVm11EOK9}E3X.com 
Passed default
Passed all schemes flag
Passed all schemes + 2 slash flag
Passed all schemes + fragment flag
Passed all schemes + local flag
Passed all flags
https0#Aq?m&amp;C&quot;[.com&lt;R8:-H|afrM47&quot;M.&lt;6HiWvg
Passed default
Passed all schemes flag
Passed all schemes + 2 slash flag
Passed all schemes + fragment flag
Passed all schemes + local flag
Passed all flags
http:/:R1Ly(&quot;.gov/g`,$mvg(J(kScHmP*
Passed default
Passed all schemes flag
Passed all schemes + 2 slash flag
Passed all schemes + fragment flag
Passed all schemes + local flag
Passed all flags
123211:/:VjsurrLerqoUGXZZDWQouHBUbr.com/
Passed default
Passed all schemes flag
Passed all schemes + 2 slash flag
Passed all schemes + fragment flag
Passed all schemes + local flag
Passed all flags
 sadasd/:2-&lt;2sQ-%P /#-?T9[Uqx2*vLB&gt;Ox|`eCa{Q}Z%`o1TFptAQ^$BMsN:#
Passed default
Passed all schemes flag
Passed all schemes + 2 slash flag
Passed all schemes + fragment flag
Passed all schemes + local flag
Passed all flags
http//:2cR=H$7v.~dk&quot;ss]6n&gt;x,c\Zffo(&quot;|&gt;j=2SG9b!I!@s{8&amp;&quot;#[com/BnkCEheFkirbZfmmmAVCeCFnDH
Passed default
Passed all schemes flag
Passed all schemes + 2 slash flag
Passed all schemes + fragment flag
Passed all schemes + local flag
Passed all flags
HttP /:pC qBB3I /iTmxYRxWuDjJAGktlBUhdiYiXjCQA
Passed default
Passed all schemes flag
Passed all schemes + 2 slash flag
Passed all schemes + fragment flag
Passed all schemes + local flag
Passed all flags
AAA :/b-?|QQcMcom:
Passed default
Passed all schemes flag
Passed all schemes + 2 slash flag
Passed all schemes + fragment flag
Passed all schemes + local flag
Passed all flags
https /:2&lt;Nd^S5*IQx&apos;kv&quot;1bB*cpmD0&gt;s5B&quot;]%+u&amp;,nCOr:&gt;;58.com/
Passed default
Passed all schemes flag
Passed all schemes + 2 slash flag
Passed all schemes + fragment flag
Passed all schemes + local flag
Passed all flags
http//:U^?*v%Sba~SL[/h_e6bCm7 AeSmE-qFg&quot;)/JnqckLKqHleKVEOHcYqZfTADMICVQNnUDXD
Passed default
Passed all schemes flag
Passed all schemes + 2 slash flag
Passed all schemes + fragment flag
Passed all schemes + local flag
Passed all flags
:Nq^&quot;?&quot;]R`-&gt;:Qf\@uWxB#1erO.dLWxDJiTy2dKsqGN6V
Passed default
Passed all schemes flag
Passed all schemes + 2 slash flag
Passed all schemes + fragment flag
Passed all schemes + local flag
Passed all flags
$209321:/:&quot;2F{XF1e p/NLfajds;kjdls/pqT i3!kEiik`5y#&amp;ccx5
Passed default
Passed all schemes flag
Passed all schemes + 2 slash flag
Passed all schemes + fragment flag
Passed all schemes + local flag
Passed all flags
https /:n&lt;d[r=fajds;kjdls/$%5&apos;om=MN
Passed default
Passed all schemes flag
Passed all schemes + 2 slash flag
Passed all schemes + fragment flag
Passed all schemes + local flag
Passed all flags
AAA//:f*)7cP6OQV:%j~+[&lt;)/Wt/yxN.jG{u.gov/
Passed default
Passed all schemes flag
Passed all schemes + 2 slash flag
Passed all schemes + fragment flag
Passed all schemes + local flag
Passed all flags
http:  bGRmbYYOUYTaIvsLgKsSAWO.com 
Passed default
Passed all schemes flag
Passed all schemes + 2 slash flag
Passed all schemes + fragment flag
Passed all schemes + local flag
Passed all flags
 ::/TEy[3%rx6DZ_7n.gov:1gvOWUz&gt;g7nTZ#x[(GrE73cng.Ug&apos;,Z]LAEY&lt;h^
Passed default
Passed all schemes flag
Passed all schemes + 2 slash flag
Passed all schemes + fragment flag
Passed all schemes + local flag
Passed all flags
AAA:)5#F.netUCwvF*k,_LuU!g2Qx$._!.m
Passed default
Passed all schemes flag
Passed all schemes + 2 slash flag
Passed all schemes + fragment flag
Passed all schemes + local flag
Passed all flags
AAA:/:Z[N!.gov/pAeKvisrAYtwbrCEPHbMhrmrC
Passed default
Passed all schemes flag
Passed all schemes + 2 slash flag
Passed all schemes + fragment flag
Passed all schemes + local flag
Passed all flags
https:  8j5kC$O\P9U@W+w$V YS{{$MX,sR8gPc95]pO}r93fajds;kjdls 
Passed default
Passed all schemes flag
Passed all schemes + 2 slash flag
Passed all schemes + fragment flag
Passed all schemes + local flag
Passed all flags
https/:R3)WQl=f{K*[^?V&gt;S^BO/L&quot;u&amp;w1[ -C.com/Tb$Esg-,oe1tn!_I4?~iq8CP~mY\T&apos;^p$pq}tV3CXTfI6u
Passed default
Passed all schemes flag
Passed all schemes + 2 slash flag
Passed all schemes + fragment flag
Passed all schemes + local flag
Passed all flags
http/:/K=Kg;Nf)sWtZJ0v&amp;rnao;&gt;d.n]Rn{&apos;VjMdr/=lo=D#D)al*:HXpQ
Passed default
Passed all schemes flag
Passed all schemes + 2 slash flag
Passed all schemes + fragment flag
Passed all schemes + local flag
Passed all flags
AAA:/:a com/nZ
Passed default
Passed all schemes flag
Passed all schemes + 2 slash flag
Passed all schemes + fragment flag
Passed all schemes + local flag
Passed all flags
HttP:/:?F,Mb70vAIWTf.com/
Passed default
Passed all schemes flag
Passed all schemes + 2 slash flag
Passed all schemes + fragment flag
Passed all schemes + local flag
Passed all flags
AAA:/17dt0?M_/F.*[NZ+muUELc&lt;2~c)O=[0R&gt;).com:
Passed default
Passed all schemes flag
Passed all schemes + 2 slash flag
Passed all schemes + fragment flag
Passed all schemes + local flag
Passed all flags
https/:&apos;&lt;^;6-*W3Wp;&gt;T(]+rvv8&apos;.com/oZaTYcFwkjYPipneAgCjf
Passed default
Passed all schemes flag
Passed all schemes + 2 slash flag
Passed all schemes + fragment flag
Passed all schemes + local flag
Passed all flags
https:/:izw[&lt;#ac\QAc/H@a-DDnJ20b=uL+&lt;VI`.iv&apos;l%$pc.gov/dKiYw*yF
Passed default
Passed all schemes flag
Passed all schemes + 2 slash flag
Passed all schemes + fragment flag
Passed all schemes + local flag
Passed all flags
https:V{pu z:&amp;YH([]3QIbLVXmP&lt;6;1AB@99DH)&quot;8?+x&amp;U44xz.com
Passed default
Passed all schemes flag
Passed all schemes + 2 slash flag
Passed all schemes + fragment flag
Passed all schemes + local flag
Passed all flags
HTTP:/:&gt;K%&apos;H8j(hj3&apos;a}Yj*Uc5[\ncv&amp;4 Mb4~=%\Z*h$;&quot;eHG.gov/
Passed default
Passed all schemes flag
Passed all schemes + 2 slash flag
Passed all schemes + fragment flag
Passed all schemes + local flag
Passed all flags
https::/V]2m[GI\V;q!JJF+Ycom:
Passed default
Passed all schemes flag
Passed all schemes + 2 slash flag
Passed all schemes + fragment flag
Passed all schemes + local flag
Passed all flags
 //:w&lt;{JvG\LjxS `m?.com/
Passed default
Passed all schemes flag
Passed all schemes + 2 slash flag
Passed all schemes + fragment flag
Passed all schemes + local flag
Passed all flags
 sadasd:/:tUx&gt;}L_V]07iqc LiSQTa2&gt;;hTw[|G.com/
Passed default
Passed all schemes flag
Passed all schemes + 2 slash flag
Passed all schemes + fragment flag
Passed all schemes + local flag
Passed all flags
https:ggR.com
Passed default
Passed all schemes flag
Passed all schemes + 2 slash flag
Passed all schemes + fragment flag
Passed all schemes + local flag
Passed all flags
:Ro:7-JC7{ZES}b-Aoe hcomHyY;{WT{@$r
Passed default
Passed all schemes flag
Passed all schemes + 2 slash flag
Passed all schemes + fragment flag
Passed all schemes + local flag
Passed all flags
HttP   WJcDPosnLNqWwwtODEgcusoyTAXjBHZbmmdBZrRLKA.com 
Passed default
Passed all schemes flag
Passed all schemes + 2 slash flag
Passed all schemes + fragment flag
Passed all schemes + local flag
Passed all flags
:/:,$~W=@3.gov/
Passed default
Passed all schemes flag
Passed all schemes + 2 slash flag
Passed all schemes + fragment flag
Passed all schemes + local flag
Passed all flags
http /:*xz+;A-)JU?%]oOgjYfd&gt;$g}6tw2/PuN` O.com//A04K]}6[;ZBvGH2a1%|;])J8MSYlHyvak;Z1a)iy
Passed default
Passed all schemes flag
Passed all schemes + 2 slash flag
Passed all schemes + fragment flag
Passed all schemes + local flag
Passed all flags
https:/:|%^aM.V@s&quot;.gov/
Passed default
Passed all schemes flag
Passed all schemes + 2 slash flag
Passed all schemes + fragment flag
Passed all schemes + local flag
Passed all flags
http /:JLqbpEMXMgps /
Passed default
Passed all schemes flag
Passed all schemes + 2 slash flag
Passed all schemes + fragment flag
Passed all schemes + local flag
Passed all flags
https /:RpQaiyRAoWwFCuMlxEsWMoFV /
Passed default
Passed all schemes flag
Passed all schemes + 2 slash flag
Passed all schemes + fragment flag
Passed all schemes + local flag
Passed all flags
https/:Z48y^*h6#0^.Z\yB&amp;sU]4lAOtns9`;M;~1:@m:com/9+-dVZi9~n%l:QY:xB}k$jN^Un%:/{l8 px
Passed default
Passed all schemes flag
Passed all schemes + 2 slash flag
Passed all schemes + fragment flag
Passed all schemes + local flag
Passed all flags
//:Y&quot;Rnb67ZI:#8UOw\fajds;kjdls/RgSYL
Passed default
Passed all schemes flag
Passed all schemes + 2 slash flag
Passed all schemes + fragment flag
Passed all schemes + local flag
Passed all flags
http:/:d4%]89:_}&gt;p$.com/{y+)kBA]57T}F1&apos;&quot;`:IJ~|l/bq0o3rG2 w`A^^
Passed default
Passed all schemes flag
Passed all schemes + 2 slash flag
Passed all schemes + fragment flag
Passed all schemes + local flag
Passed all flags
http:  +4/o7_s3Esq=P,.NL@v43hUl@kOU}KOnHNW6&lt;~+a~f_g.com XbaqVsUSOFMQCPYCQQqJVDaMhlHRQHHURSdQDKDOPRc
Passed default
Passed all schemes flag
Passed all schemes + 2 slash flag
Passed all schemes + fragment flag
Passed all schemes + local flag
Passed all flags
AAA//:-]ZOcM^$5jvJhw4Ag:8iBM+\vgKU&lt;=G.&amp;~IE~FMdTLm2.net/
Passed default
Passed all schemes flag
Passed all schemes + 2 slash flag
Passed all schemes + fragment flag
Passed all schemes + local flag
Passed all flags
 sadasd//:`{uzsUGs%4Ya~exE9(loS2G;#xoS4x6fIvCo{\`.com/&apos;&amp;ogDuJRx7,9=1o=l:Np]&quot;D=;vlDv~]8jT;3L6L`*m`g`
Passed default
Passed all schemes flag
Passed all schemes + 2 slash flag
Passed all schemes + fragment flag
Passed all schemes + local flag
Passed all flags
 :/:kxlMckqiVrnIvgfajds;kjdls/
Passed default
Passed all schemes flag
Passed all schemes + 2 slash flag
Passed all schemes + fragment flag
Passed all schemes + local flag
Passed all flags
  :/ I=H}C.com:FeDOW10&apos;9e7&quot;x}&gt;pi:GVc_@gChK 0UioGVt2v
Passed default
Passed all schemes flag
Passed all schemes + 2 slash flag
Passed all schemes + fragment flag
Passed all schemes + local flag
Passed all flags
HTTP:/:3j-UF.com/
Passed default
Passed all schemes flag
Passed all schemes + 2 slash flag
Passed all schemes + fragment flag
Passed all schemes + local flag
Passed all flags
$209321/:YhC%P@Kr6xHAf896S&apos;EVC&quot;.com/
Passed default
Passed all schemes flag
Passed all schemes + 2 slash flag
Passed all schemes + fragment flag
Passed all schemes + local flag
Passed all flags
:  f]}{QG2wqLlj2fMCwbsZUtr$LcN$ghD^DB&lt;LAw.com co
Passed default
Passed all schemes flag
Passed all schemes + 2 slash flag
Passed all schemes + fragment flag
Passed all schemes + local flag
Passed all flags
http:/:-0&amp;!`?52M&quot;#,.net/4*IZAbK{CQ)GcY.i?|)7jPRAAT&lt;f
Passed default
Passed all schemes flag
Passed all schemes + 2 slash flag
Passed all schemes + fragment flag
Passed all schemes + local flag
Passed all flags
123211::/Rn+0yFX&amp;Mpy+$bLt#E$aq&apos;k/.com:
Passed default
Passed all schemes flag
Passed all schemes + 2 slash flag
Passed all schemes + fragment flag
Passed all schemes + local flag
Passed all flags
https:  iolQwZgpeltfevDaFIGAJuo 
Passed default
Passed all schemes flag
Passed all schemes + 2 slash flag
Passed all schemes + fragment flag
Passed all schemes + local flag
Passed all flags
HTTP:/:4I&apos;u{UxR]@o&apos;998&quot;z4ifJ5cu3Yz@8*F2#f|G.com/CUMwRLrSumhMDPHHnBqQXVVVFbkeXYJGvFjCLBso
Passed default
Passed all schemes flag
Passed all schemes + 2 slash flag
Passed all schemes + fragment flag
Passed all schemes + local flag
Passed all flags
https:/:k^BTBSU&amp;4-d&quot;P^ZRkzAi;s.&quot;zFTR*d]eTw`@C+]..com/
Passed default
Passed all schemes flag
Passed all schemes + 2 slash flag
Passed all schemes + fragment flag
Passed all schemes + local flag
Passed all flags
 :WW%us_-Mri_.0*)a}_$f2}iXh.govCp%0H--K/o~KeX&gt;x}b&lt; Y~.Sw2Y#Z^5^Rv4&apos;wE&lt;r^)`wu#uc
Passed default
Passed all schemes flag
Passed all schemes + 2 slash flag
Passed all schemes + fragment flag
Passed all schemes + local flag
Passed all flags
AAA:/:kpwA.com/
Passed default
Passed all schemes flag
Passed all schemes + 2 slash flag
Passed all schemes + fragment flag
Passed all schemes + local flag
Passed all flags
http//:%J9b19]K9{E%,D*X\y/4K7$`9o6&gt;j+[t?A/fajds;kjdls/dZjKALRhJolVlNoobYOyrCgBAavxDycGdeaqASoN
Passed default
Passed all schemes flag
Passed all schemes + 2 slash flag
Passed all schemes + fragment flag
Passed all schemes + local flag
Passed all flags
AAA:/:]k?:xf!~Ra2*/).TF?OE.N D(diV,r.net/ORZghEDLyGWHyxCKaufqtSHE
Passed default
Passed all schemes flag
Passed all schemes + 2 slash flag
Passed all schemes + fragment flag
Passed all schemes + local flag
Passed all flags
https   acom &gt;e{aw/%
Passed default
Passed all schemes flag
Passed all schemes + 2 slash flag
Passed all schemes + fragment flag
Passed all schemes + local flag
Passed all flags
    :  C+.com 
Passed default
Passed all schemes flag
Passed all schemes + 2 slash flag
Passed all schemes + fragment flag
Passed all schemes + local flag
Passed all flags
AAA:+3UVS1Jtj 
Passed default
Passed all schemes flag
Passed all schemes + 2 slash flag
Passed all schemes + fragment flag
Passed all schemes + local flag
Passed all flags
    :?PtQe3,*u, 224rT e:_,VnQ+/~#!CG-T8r2j4fajds;kjdls
Passed default
Passed all schemes flag
Passed all schemes + 2 slash flag
Passed all schemes + fragment flag
Passed all schemes + local flag
Passed all flags
    :/:4pGr:o!7ZFtg9fajds;kjdls/wug-5
Passed default
Passed all schemes flag
Passed all schemes + 2 slash flag
Passed all schemes + fragment flag
Passed all schemes + local flag
Passed all flags
HttP::/^&lt;||gJI,tME8.com:NYUHXPRMDSYarKwwuRChRaIBLvwvCgpVRrUhXWejpLHs
Passed default
Passed all schemes flag
Passed all schemes + 2 slash flag
Passed all schemes + fragment flag
Passed all schemes + local flag
Passed all flags
       &gt;8_{b39v)BrTie:v@9[ &gt;INsv5.com ByoVyntCrrNqbYmgPi
Passed default
Passed all schemes flag
Passed all schemes + 2 slash flag
Passed all schemes + fragment flag
Passed all schemes + local flag
Passed all flags
http:9Cg&lt;NB=}^+(Qg.wLLjV.govJPuG$OxbMT&amp;X&quot;eLM&lt;6?9hga{j2X
Passed default
Passed all schemes flag
Passed all schemes + 2 slash flag
Passed all schemes + fragment flag
Passed all schemes + local flag
Passed all flags
http:b(+.)5|-dh)/*ApcomE&quot;Z-rYGFnrS*)DU&apos;A
Passed default
Passed all schemes flag
Passed all schemes + 2 slash flag
Passed all schemes + fragment flag
Passed all schemes + local flag
Passed all flags
HTTP /:x74b9UIfF&amp;&apos;L^-&quot;FC|h6Hmd{Cgo~.gov/S
Passed default
Passed all schemes flag
Passed all schemes + 2 slash flag
Passed all schemes + fragment flag
Passed all schemes + local flag
Passed all flags
    ::~c`4!D+X6()Rp|?PR;b3~0M$b,N\L8nW2.govQiu9&quot;&lt;t&gt;$JI) aZ*v
Passed default
Passed all schemes flag
Passed all schemes + 2 slash flag
Passed all schemes + fragment flag
Passed all schemes + local flag
Passed all flags
http:/:P.com/
Passed default
Passed all schemes flag
Passed all schemes + 2 slash flag
Passed all schemes + fragment flag
Passed all schemes + local flag
Passed all flags
HTTP//:hQfk*u^VZJc_4A4_~=:g.com/VJUfuO
Passed default
Passed all schemes flag
Passed all schemes + 2 slash flag
Passed all schemes + fragment flag
Passed all schemes + local flag
Passed all flags
http:/:XdUoOhAcFAjIbhGFj.com/
Passed default
Passed all schemes flag
Passed all schemes + 2 slash flag
Passed all schemes + fragment flag
Passed all schemes + local flag
Passed all flags
 sadasd/:g$hZ\a&amp;U&gt;A(VJ$+YebJfoJB5com/|tu_pWM;651-xe&quot;Nz&amp;2`
Passed default
Passed all schemes flag
Passed all schemes + 2 slash flag
Passed all schemes + fragment flag
Passed all schemes + local flag
Passed all flags
https:  |hhc0_$1.gov 4]7ju@rx\~hvq39#.lOtyC+.tz$&apos;B&lt;6;/B]Nm8A K|/I
Passed default
Passed all schemes flag
Passed all schemes + 2 slash flag
Passed all schemes + fragment flag
Passed all schemes + local flag
Passed all flags
http  Iheef3c{&amp; FDdGWZwCnMnBpbGaKvSXkgZnIpVhxyFi
Passed default
Passed all schemes flag
Passed all schemes + 2 slash flag
Passed all schemes + fragment flag
Passed all schemes + local flag
Passed all flags
http:/:LYPJXxgKplX.com/
Passed default
Passed all schemes flag
Passed all schemes + 2 slash flag
Passed all schemes + fragment flag
Passed all schemes + local flag
Passed all flags
http::/c&gt;o x (~ZiXnU*yJl\%l&lt;&amp;8OCJ#=\#C(JqK&amp;an h3(&lt;Vr/V.gov:-u!k.i0dL`~x3c)Ps`f&lt;]qcy-?jTt^Q2yt
Passed default
Passed all schemes flag
Passed all schemes + 2 slash flag
Passed all schemes + fragment flag
Passed all schemes + local flag
Passed all flags
 sadasdWmJpUAuDI!;wzlxp.W\V(xgsb wrD.Mx,fajds;kjdlsrC@,\rLOIsDy.ZXi
Passed default
Passed all schemes flag
Passed all schemes + 2 slash flag
Passed all schemes + fragment flag
Passed all schemes + local flag
Passed all flags
https:@YRF\u6=$eGu m%^H~^[3e[ S^.comlYT81_&quot;#Y=7ET
Passed default
Passed all schemes flag
Passed all schemes + 2 slash flag
Passed all schemes + fragment flag
Passed all schemes + local flag
Passed all flags
 :/:i2~I33kX7SXR0_LlHTLPV}zUOw\6_Iw8+vHg4z+U&gt;-Hl3Nz.com/PYdlfdyhvwSpVqLuleykOOwSKarVhrx
Passed default
Passed all schemes flag
Passed all schemes + 2 slash flag
Passed all schemes + fragment flag
Passed all schemes + local flag
Passed all flags
https:  J]G\w`lW&gt;hZ({?[+&quot;vS3N4V3{jGG\)74.gov IpmYjA4YMk]&quot;aC(=::@,rCCuRv3L$+UL{,A2C~4$PO`X=
Passed default
Passed all schemes flag
Passed all schemes + 2 slash flag
Passed all schemes + fragment flag
Passed all schemes + local flag
Passed all flags
http:  thEK?*?q&apos;.LxK!;HmxBy{`@r)Ufs.com 
Passed default
Passed all schemes flag
Passed all schemes + 2 slash flag
Passed all schemes + fragment flag
Passed all schemes + local flag
Passed all flags
 ::/8*W_Sadb4P^321q^d&apos;N.com:
Passed default
Passed all schemes flag
Passed all schemes + 2 slash flag
Passed all schemes + fragment flag
Passed all schemes + local flag
Passed all flags
https/:iMDXeeQwasFXIAsQflmJnMaWmSnMSxBrPhxeBlwIfvCW.com/
Passed default
Passed all schemes flag
Passed all schemes + 2 slash flag
Passed all schemes + fragment flag
Passed all schemes + local flag
Passed all flags
http:/:Wk@&lt;C`(0&lt;y0;H,KYa(`.com/M[&lt;$iWhM&gt;&amp;
Passed default
Passed all schemes flag
Passed all schemes + 2 slash flag
Passed all schemes + fragment flag
Passed all schemes + local flag
Passed all flags
123211:/:BlCZhBhuAZkRcBWtawQPMoRWnRLyirtohJKKNSOAdSXWWj.com/
Passed default
Passed all schemes flag
Passed all schemes + 2 slash flag
Passed all schemes + fragment flag
Passed all schemes + local flag
Passed all flags
https//:ocom/tJNQlnFZ
Passed default
Passed all schemes flag
Passed all schemes + 2 slash flag
Passed all schemes + fragment flag
Passed all schemes + local flag
Passed all flags
:I&quot;x$}Fv|&lt;O;g`@R{sy3 o2L wrV@s3VkoRFO{Bb8
Passed default
Passed all schemes flag
Passed all schemes + 2 slash flag
Passed all schemes + fragment flag
Passed all schemes + local flag
Passed all flags
https !29|kA&amp;Y&amp;?3_5_O9MZN HGNNsvQWxXIKQaimVXfnHsN
Passed default
Passed all schemes flag
Passed all schemes + 2 slash flag
Passed all schemes + fragment flag
Passed all schemes + local flag
Passed all flags
http /:&amp;^N67)~q.u #hyfhNKH/!&apos;jFYyn@EjE*fajds;kjdls/5%
Passed default
Passed all schemes flag
Passed all schemes + 2 slash flag
Passed all schemes + fragment flag
Passed all schemes + local flag
Passed all flags
http/:Jn9bOa,gTyI[MY*?8.com/v&apos;df$
Passed default
Passed all schemes flag
Passed all schemes + 2 slash flag
Passed all schemes + fragment flag
Passed all schemes + local flag
Passed all flags
::/QNcYEUCQdXKL.net:
Passed default
Passed all schemes flag
Passed all schemes + 2 slash flag
Passed all schemes + fragment flag
Passed all schemes + local flag
Passed all flags
https /:&gt;&lt;ALbfajds;kjdls/
Passed default
Passed all schemes flag
Passed all schemes + 2 slash flag
Passed all schemes + fragment flag
Passed all schemes + local flag
Passed all flags
123211 /:e&gt;7A/]Uq:com/rNriWwikVgduSVCmbcFFK
Passed default
Passed all schemes flag
Passed all schemes + 2 slash flag
Passed all schemes + fragment flag
Passed all schemes + local flag
Passed all flags
  /:!aZ&amp;*xmo&quot;km|5{${v8)W5+(*5JY&amp;I?VCy&quot;2Kh_.net/sEaonjKSuBbNcmnJj
Passed default
Passed all schemes flag
Passed all schemes + 2 slash flag
Passed all schemes + fragment flag
Passed all schemes + local flag
Passed all flags
https:GJR~&gt;Nhz=%~%GvbbUroO&apos;5WKg1:M93iVi4Ucgg*t$.net
Passed default
Passed all schemes flag
Passed all schemes + 2 slash flag
Passed all schemes + fragment flag
Passed all schemes + local flag
[...]
 sadasd/:unlOYTItwkUETiQKfEEiOGPCsRMsnkQedZRcom/
Passed default
Passed all schemes flag
Passed all schemes + 2 slash flag
Passed all schemes + fragment flag
Passed all schemes + local flag
Passed all flags
https:i\S1JG.com+IcA/li*&apos;? #G?*FjiX|&gt;]O{Cm%EG5G&apos;XzeFzdTnbZLU&gt;
Passed default
Passed all schemes flag
Passed all schemes + 2 slash flag
Passed all schemes + fragment flag
Passed all schemes + local flag
Passed all flags
http:&amp;yWP06:)?!X.\bk=.com
Passed default
Passed all schemes flag
Passed all schemes + 2 slash flag
Passed all schemes + fragment flag
Passed all schemes + local flag
Passed all flags
http:/:l~ yII0{JV`y1+b&lt;Z^D\5{Q~-,M&apos;aF(?D=?.net/!LHC?i|qvYICe(gal,zvhmC*!6g
Passed default
Passed all schemes flag
Passed all schemes + 2 slash flag
Passed all schemes + fragment flag
Passed all schemes + local flag
Passed all flags
 :/GH5$S8n\v&gt;G~KSxXHJIc.com:
Passed default
Passed all schemes flag
Passed all schemes + 2 slash flag
Passed all schemes + fragment flag
Passed all schemes + local flag
Passed all flags
:  $uSnpf4`_72*8)e2tJ|X;.gov =~&apos;G5Adm.$w&quot;x/`y
Passed default
Passed all schemes flag
Passed all schemes + 2 slash flag
Passed all schemes + fragment flag
Passed all schemes + local flag
Passed all flags
123211::/(thd276}y&lt;78.G.-:H:A2UV4rQr.com:
Passed default
Passed all schemes flag
Passed all schemes + 2 slash flag
Passed all schemes + fragment flag
Passed all schemes + local flag
Passed all flags
https:/:cmfSWaXvVNtNOI.com/
Passed default
Passed all schemes flag
Passed all schemes + 2 slash flag
Passed all schemes + fragment flag
Passed all schemes + local flag
Passed all flags
123211/:aH.com/
Passed default
Passed all schemes flag
Passed all schemes + 2 slash flag
Passed all schemes + fragment flag
Passed all schemes + local flag
Passed all flags
https:/:AEx.com/ [&gt;_Dd
Passed default
Passed all schemes flag
Passed all schemes + 2 slash flag
Passed all schemes + fragment flag
Passed all schemes + local flag
Passed all flags
123211:/:5[s}c2xthL!ycom/F3N,e2A=u|9Cvv&amp;{q-Jc}3!|#:;v#/|tCJme)
Passed default
Passed all schemes flag
Passed all schemes + 2 slash flag
Passed all schemes + fragment flag
Passed all schemes + local flag
Passed all flags
HTTP::/S+e{.gov:g3BZ-  (-G5NO+Zhc8f&apos;e9Q&lt;?h
Passed default
Passed all schemes flag
Passed all schemes + 2 slash flag
Passed all schemes + fragment flag
Passed all schemes + local flag
Passed all flags
http:/:Re8&gt;L /
Passed default
Passed all schemes flag
Passed all schemes + 2 slash flag
Passed all schemes + fragment flag
Passed all schemes + local flag
Passed all flags
HTTP::/}mbd&lt;f2=(d?.com:
Passed default
Passed all schemes flag
Passed all schemes + 2 slash flag
Passed all schemes + fragment flag
Passed all schemes + local flag
Passed all flags
http /:kNrI]%%{&gt;9m0@0M2XVXoZJ|iR%S\fL7=Cs.com/&lt;92\Pr/S!A;938-=&gt;$*Hr|}$G
Passed default
Passed all schemes flag
Passed all schemes + 2 slash flag
Passed all schemes + fragment flag
Passed all schemes + local flag
Passed all flags
    :rC^@JN?&lt;G{Gbk$IE&gt;64r,?*Qq~rHZ~!,;S&lt;8&gt;nO$*/=1e[WXDo&quot;i%Z+_}4  |u5K4eqM]w\gj.+0-:Uu3UiQ0\Jv$f
Passed default
Passed all schemes flag
Passed all schemes + 2 slash flag
Passed all schemes + fragment flag
Passed all schemes + local flag
Passed all flags
 :/: fmLW$Vkde~/Y6jN%OETjc&amp;U&quot;m&apos;F#qvl\d[&quot;}ib.com/=,EC-tnS]@Dm`0=NxMA~5&gt;u&apos;Agp(;U;x^
Passed default
Passed all schemes flag
Passed all schemes + 2 slash flag
Passed all schemes + fragment flag
Passed all schemes + local flag
Passed all flags
https   dw.com 
Passed default
Passed all schemes flag
Passed all schemes + 2 slash flag
Passed all schemes + fragment flag
Passed all schemes + local flag
Passed all flags
https   ,4&lt;O1lP.net 
Passed default
Passed all schemes flag
Passed all schemes + 2 slash flag
Passed all schemes + fragment flag
Passed all schemes + local flag
Passed all flags
AAA:/:/VqoaTS&lt;g+6kycom/yz&gt;ZB.yt{2
Passed default
Passed all schemes flag
Passed all schemes + 2 slash flag
Passed all schemes + fragment flag
Passed all schemes + local flag
Passed all flags
123211:/:&gt;-,;#-.ovjl#/M--mpQlPCP&amp;=,m-7BUPF&quot;CB%+ZF
Passed default
Passed all schemes flag
Passed all schemes + 2 slash flag
Passed all schemes + fragment flag
Passed all schemes + local flag
Passed all flags
http//:=2DX[_.com/Wr?]H|F;:c?z$f-s
Passed default
Passed all schemes flag
Passed all schemes + 2 slash flag
Passed all schemes + fragment flag
Passed all schemes + local flag
Passed all flags
 ::/glZxIHswuSamsxUaSmbyGuqPUQCgjVirsDhMZlqVRfR.net:
Passed default
Passed all schemes flag
Passed all schemes + 2 slash flag
Passed all schemes + fragment flag
Passed all schemes + local flag
Passed all flags
HTTP:w+3kM!kkv!z.com^yB3s&apos;T,K^qA`9n&apos;4~Nm/U%6W!x
Passed default
Passed all schemes flag
Passed all schemes + 2 slash flag
Passed all schemes + fragment flag
Passed all schemes + local flag
Passed all flags
 sadasd:/|Bv;Bek6~/t@1QW(]h_?h9Z&amp;QIW|:.e5V
Passed default
Passed all schemes flag
Passed all schemes + 2 slash flag
Passed all schemes + fragment flag
Passed all schemes + local flag
Passed all flags
 sadasd/:wFFTyjZKEGLoc.gov/
Passed default
Passed all schemes flag
Passed all schemes + 2 slash flag
Passed all schemes + fragment flag
Passed all schemes + local flag
Passed all flags
 sadasd:/:uaX1&quot;RT{lgIwzDeehrbqf|&quot;&apos;xBsF8com/Z
Passed default
Passed all schemes flag
Passed all schemes + 2 slash flag
Passed all schemes + fragment flag
Passed all schemes + local flag
Passed all flags
$209321:0Jz7uo{b}L{LVL\]LMd#O4H{4|O.com2~`JDm;EQtFwBAY
Passed default
Passed all schemes flag
Passed all schemes + 2 slash flag
Passed all schemes + fragment flag
Passed all schemes + local flag
Passed all flags
HttP:/:ou&amp;;&apos;?i+Tf9tOK3!n6.net/qnwXBlyNBjTSIPAsUqgWnOKuqUZbwcnUFmXO
Passed default
Passed all schemes flag
Passed all schemes + 2 slash flag
Passed all schemes + fragment flag
Passed all schemes + local flag
Passed all flags
https:qfTHulDrXVTiEqKAEEeLSMKXSGPlmDfn.gov
Passed default
Passed all schemes flag
Passed all schemes + 2 slash flag
Passed all schemes + fragment flag
Passed all schemes + local flag
Passed all flags
::/X&lt;}&lt;7D:FzzgG,&amp;Ow+&lt;nDm_,TY$com:gf|&gt;3D}G9xM@}P&lt; mlVWz4C=*R6R2j]7} O/-5
Passed default
Passed all schemes flag
Passed all schemes + 2 slash flag
Passed all schemes + fragment flag
Passed all schemes + local flag
Passed all flags
http:/:KMVJvSCgEEromjZKyOhGYaeCxWSQLPQKluHHslMJLgDfX /
Passed default
Passed all schemes flag
Passed all schemes + 2 slash flag
Passed all schemes + fragment flag
Passed all schemes + local flag
Passed all flags
:  ]`{nkR(V&lt;&amp;E}a#v=UrURfIaJU2&gt;y:2\tt*H!`z+xto&quot;o(.com 
Passed default
Passed all schemes flag
Passed all schemes + 2 slash flag
Passed all schemes + fragment flag
Passed all schemes + local flag
Passed all flags
$209321  @gq% .com 
Passed default
Passed all schemes flag
Passed all schemes + 2 slash flag
Passed all schemes + fragment flag
Passed all schemes + local flag
Passed all flags
 sadasd:  -6zqbF&amp;$T)4az)};f^*&quot;5MU9=32K@&gt;.com yWhnMdZiREojgaLJTMkJOJyHWiGpTenofHQdEpXUmUr
Passed default
Passed all schemes flag
Passed all schemes + 2 slash flag
Passed all schemes + fragment flag
Passed all schemes + local flag
Passed all flags
HttP  HVFISuqKWygtAxYIsnpmkgbPQCPTfuhYeE.com 
Passed default
Passed all schemes flag
Passed all schemes + 2 slash flag
Passed all schemes + fragment flag
Passed all schemes + local flag
Passed all flags
https:/7|xoe_YN+y(cNs-{8u K!8YM *3;V7A&quot;?[)AcCC_,jO=ajh*.com:gjqskRuBGxCgtVWWcHvn
Passed default
Passed all schemes flag
Passed all schemes + 2 slash flag
Passed all schemes + fragment flag
Passed all schemes + local flag
Passed all flags
HTTPZf4Uu}z4&lt; &lt;Ip0T#nv:VSz6%Tm)\4D+\!|4!F(a89~;)L`7Y.net*W`X&gt;&lt;.O@Gg&gt;233}@`7p:3(u8Rz{/ &quot;e(abuN^eI1OP1T&lt;wG
Passed default
Passed all schemes flag
Passed all schemes + 2 slash flag
Passed all schemes + fragment flag
Passed all schemes + local flag
Passed all flags
https//:w:o)Q;O\z kJR25].~uky4;{hG}OKIq5{(j#.com/
Passed default
Passed all schemes flag
Passed all schemes + 2 slash flag
Passed all schemes + fragment flag
Passed all schemes + local flag
Passed all flags
AAA /:Ak^g[+ #{S.com/`dGnVYhnP-\q&gt;baF|P2h9}03djB,
Passed default
Passed all schemes flag
Passed all schemes + 2 slash flag
Passed all schemes + fragment flag
Passed all schemes + local flag
Passed all flags
https:/:GxdwaUCOhThIacom/
Passed default
Passed all schemes flag
Passed all schemes + 2 slash flag
Passed all schemes + fragment flag
Passed all schemes + local flag
Passed all flags
AAA :/l#Bwez21RUQ+Xai[PD=&lt;`ooD!%:\\Ij%k.com:lGRP&quot;nBd*
Passed default
Passed all schemes flag
Passed all schemes + 2 slash flag
Passed all schemes + fragment flag
Passed all schemes + local flag
Passed all flags
 :/:lN)8`Z.com/sw%6A&apos;&amp;Z
Passed default
Passed all schemes flag
Passed all schemes + 2 slash flag
Passed all schemes + fragment flag
Passed all schemes + local flag
Passed all flags
$209321:  gHpyi9DDcom EeFfgtDUvQxoDyDYhyU
Passed default
Passed all schemes flag
Passed all schemes + 2 slash flag
Passed all schemes + fragment flag
Passed all schemes + local flag
Passed all flags
AAA  VICTfrXGFYxNwPqnsjJHDGsusBucugrsHKjLKCKlihO.gov 
Passed default
Passed all schemes flag
Passed all schemes + 2 slash flag
Passed all schemes + fragment flag
Passed all schemes + local flag
Passed all flags
http /:nxcqcFqMYhCnKGIYFgZhsmEKQrRkcGZogNq.com/
Passed default
Passed all schemes flag
Passed all schemes + 2 slash flag
Passed all schemes + fragment flag
Passed all schemes + local flag
Passed all flags
       XMUAPRAuHnhVvADycom 
Passed default
Passed all schemes flag
Passed all schemes + 2 slash flag
Passed all schemes + fragment flag
Passed all schemes + local flag
Passed all flags
AAA::/obiJrYuRLXjQOAypmUkuSntSkjOLZwvyENaPqUTRJYL.com:
Passed default
Passed all schemes flag
Passed all schemes + 2 slash flag
Passed all schemes + fragment flag
Passed all schemes + local flag
Passed all flags
 sadasd:  jKWSQohiNXCqZtelhErslsktWURE.com 
Passed default
Passed all schemes flag
Passed all schemes + 2 slash flag
Passed all schemes + fragment flag
Passed all schemes + local flag
Passed all flags
::/PeS%b4rG,0=I.]M&gt;&apos;q&gt;!5So]z~:][n&lt;}X.net:(q~M-6v!1h5Byl1:V[qrHAbIi.0!^-J
Passed default
Passed all schemes flag
Passed all schemes + 2 slash flag
Passed all schemes + fragment flag
Passed all schemes + local flag
Passed all flags
https:/:EvZnULIHDbgPCxjAegekQcnDLpDnSyEwucom/
Passed default
Passed all schemes flag
Passed all schemes + 2 slash flag
Passed all schemes + fragment flag
Passed all schemes + local flag
Passed all flags
http /:`K0E~8&lt;Teay6!0STq;dm3j&gt;X$+R&quot;ex@X^Y8/GM%_*/XtTucFryfkaBmMYyuTPqlmUVWGfKJvg
Passed default
Passed all schemes flag
Passed all schemes + 2 slash flag
Passed all schemes + fragment flag
Passed all schemes + local flag
Passed all flags
$209321::/r`=JOY&gt;&quot;t4gO4\[O?#Ax *SH&quot;-}P$A0[&apos;7ZNRy?_Lx.gov:ICuIWoGgyjGUtsurHbnOwRsSvAElxyhWPhdMhJo
Passed default
Passed all schemes flag
Passed all schemes + 2 slash flag
Passed all schemes + fragment flag
Passed all schemes + local flag
Passed all flags
http:[f:&apos;|`FB-6G6:&gt;&apos;F@#TKO4jd5.comdoKaivbkRkEPAlIp
Passed default
Passed all schemes flag
Passed all schemes + 2 slash flag
Passed all schemes + fragment flag
Passed all schemes + local flag
Passed all flags
 sadasd /:HrLTHMJTlHOvRIrJwyKpGEQewmfY.gov/
Passed default
Passed all schemes flag
Passed all schemes + 2 slash flag
Passed all schemes + fragment flag
Passed all schemes + local flag
Passed all flags
$209321/  kj@nkiv6*Dc9[B.net ExZBdj
Passed default
Passed all schemes flag
Passed all schemes + 2 slash flag
Passed all schemes + fragment flag
Passed all schemes + local flag
Passed all flags
http:/:$AfjCz.Kw%8p^^_0:\&apos;x&lt;GlK/6(Qwe|E*OE&amp;(?#h^_^6fajds;kjdls/JRAyqLNHgWtfNu
Passed default
Passed all schemes flag
Passed all schemes + 2 slash flag
Passed all schemes + fragment flag
Passed all schemes + local flag
Passed all flags
HTTP:/:\Tu=N-0CM/34 tOd:&gt;z(?`N~0B@,-2\a%&lt;il%%com/
Passed default
Passed all schemes flag
Passed all schemes + 2 slash flag
Passed all schemes + fragment flag
Passed all schemes + local flag
Passed all flags
     /:@P~1([6J`0{v_x~*?)IKa.com/jjW^y.:RUkZV&lt;d;fh==],Q
Passed default
Passed all schemes flag
Passed all schemes + 2 slash flag
Passed all schemes + fragment flag
Passed all schemes + local flag
Passed all flags
123211:  vZIrBrRwpHmaWAhbRamJFgsEMTIgboDQWsPMn.gov 
Passed default
Passed all schemes flag
Passed all schemes + 2 slash flag
Passed all schemes + fragment flag
Passed all schemes + local flag
Passed all flags
https//:OBjyOTgsANpPZwcWwHfVVBmpgwUONvskkbVR.com/
Passed default
Passed all schemes flag
Passed all schemes + 2 slash flag
Passed all schemes + fragment flag
Passed all schemes + local flag
Passed all flags
https /:-fof,oBH~r1L)BZ2ru\av08a+&gt;P=L=- QSa$Qdh`5gp/v me7/8
Passed default
Passed all schemes flag
Passed all schemes + 2 slash flag
Passed all schemes + fragment flag
Passed all schemes + local flag
Passed all flags
https:/:i&gt;&apos;F_^Wi/{S?R4G=(Fz:2`]?vfajds;kjdls/pnsOAddToDdXUmiSknlxEgaQxeypYaFOKoy
Passed default
Passed all schemes flag
Passed all schemes + 2 slash flag
Passed all schemes + fragment flag
Passed all schemes + local flag
Passed all flags
    :/:iROE{&amp;V&apos;Cr-:3;P[Ofj%com/
Passed default
Passed all schemes flag
Passed all schemes + 2 slash flag
Passed all schemes + fragment flag
Passed all schemes + local flag
Passed all flags
HTTP /:GoVOUlKPNjBVBsssAxOAN.gov/
Passed default
Passed all schemes flag
Passed all schemes + 2 slash flag
Passed all schemes + fragment flag
Passed all schemes + local flag
Passed all flags
http/  Upf/F[lI`KSK$R 5N [3OddKqibx;SjOX5NSJMtpD(wC.com 6SC8)0K%}|,{|u&quot;pF*Ro{s[-&quot;a5#bHJ4sx(#
Passed default
Passed all schemes flag
Passed all schemes + 2 slash flag
Passed all schemes + fragment flag
Passed all schemes + local flag
Passed all flags
https:  yC&quot;xN6T.com xsMZyREcjT
Passed default
Passed all schemes flag
Passed all schemes + 2 slash flag
Passed all schemes + fragment flag
Passed all schemes + local flag
Passed all flags
$209321:/:KI9w&quot;{Q&amp;t|.com/QZo(`vB{wt&gt;mxW`Zt2po}2^f6i^
Passed default
Passed all schemes flag
Passed all schemes + 2 slash flag
Passed all schemes + fragment flag
Passed all schemes + local flag
Passed all flags
HttP:/:IgK./}J;!2)1PS8VT6.n\Ccap 7*DvIpp@YL3~AZ+D9~Qb3.com/
Passed default
Passed all schemes flag
Passed all schemes + 2 slash flag
Passed all schemes + fragment flag
Passed all schemes + local flag
Passed all flags
 /:yx/I{+YWf.com/#7y/4&lt;eg!eza:tK{nUwBK[p247&apos;`5OE[S,@g
Passed default
Passed all schemes flag
Passed all schemes + 2 slash flag
Passed all schemes + fragment flag
Passed all schemes + local flag
Passed all flags
HttP:/:VRcuQoOCtfsAkdUWdvEBEJnrfajds;kjdls/
Passed default
Passed all schemes flag
Passed all schemes + 2 slash flag
Passed all schemes + fragment flag
Passed all schemes + local flag
Passed all flags
https//:[[com/&quot;=~N-Ln~:E?K3&quot;\xs%nZGPo6!@1O_QV
Passed default
Passed all schemes flag
Passed all schemes + 2 slash flag
Passed all schemes + fragment flag
Passed all schemes + local flag
Passed all flags
1232117iBt=U*uX95lJc9uvVMMmaPXT2IJRj[Pofajds;kjdls{3@%k]&quot;xa[d!8VPUdJao14k*9W}|Xsa1&quot;g
Passed default
Passed all schemes flag
Passed all schemes + 2 slash flag
Passed all schemes + fragment flag
Passed all schemes + local flag
Passed all flags
http:/:US(= %1&amp;pPfajds;kjdls/
Passed default
Passed all schemes flag
Passed all schemes + 2 slash flag
Passed all schemes + fragment flag
Passed all schemes + local flag
Passed all flags
http /:a`sTB`ym&lt;v^dV.com/
Passed default
Passed all schemes flag
Passed all schemes + 2 slash flag
Passed all schemes + fragment flag
Passed all schemes + local flag
Passed all flags
HTTP//:%L5E@@l$T6fUp!j/a6v%q#xzIh3%;u&apos;Dbe;+R3p]GEmSxt#.com/PuKMRKxCpwaHPVkjRFdqVX
Passed default
Passed all schemes flag
Passed all schemes + 2 slash flag
Passed all schemes + fragment flag
Passed all schemes + local flag
Passed all flags
https:/:j]8Xr%Ym\zCEc]fWCeTfv;)2J]O@.d#=}@\`3Scom/K]^Y&quot;%
Passed default
Passed all schemes flag
Passed all schemes + 2 slash flag
Passed all schemes + fragment flag
Passed all schemes + local flag
Passed all flags
http:/:.net/
Passed default
Passed all schemes flag
Passed all schemes + 2 slash flag
Passed all schemes + fragment flag
Passed all schemes + local flag
Passed all flags
$209321:/LeeYRXbGcfnTeswlQDoOnJtEjlILfHrInDfajds;kjdls:
Passed default
Passed all schemes flag
Passed all schemes + 2 slash flag
Passed all schemes + fragment flag
Passed all schemes + local flag
Passed all flags
 ::/a=Zlf_9EbxaN^KzH4#fO&lt;SkIZ&amp;&quot;M2D@cBacom:
Passed default
Passed all schemes flag
Passed all schemes + 2 slash flag
Passed all schemes + fragment flag
Passed all schemes + local flag
Passed all flags
HttP:  rb]CliX5$_Z(d?SEn&apos;G6!48k=)zvoW#|k:L*&gt;v5+S.com jXBxWnGCZdUUVXqooMwkkvtOUCJqRsFXJwOimAMlEj
Passed default
Passed all schemes flag
Passed all schemes + 2 slash flag
Passed all schemes + fragment flag
Passed all schemes + local flag
Passed all flags
$209321/:+kcom/
Passed default
Passed all schemes flag
Passed all schemes + 2 slash flag
Passed all schemes + fragment flag
Passed all schemes + local flag
Passed all flags
 sadasd:/:*n1lC~&gt;jI;!9DL6S6Z6?ZW.com/ `EXg]LCfx#iLQ|-0M2
Passed default
Passed all schemes flag
Passed all schemes + 2 slash flag
Passed all schemes + fragment flag
Passed all schemes + local flag
Passed all flags
HttP::/,pc|{5U/DW{Pm9g5:.gov:k`|e9%DHQOvgrU#MZT$(WvFC&amp;3P}D@G,u`az\5tCZ&lt;qxM@
Passed default
Passed all schemes flag
Passed all schemes + 2 slash flag
Passed all schemes + fragment flag
Passed all schemes + local flag
Passed all flags
http:/:&quot;oLxNQqPeIqOKfajds;kjdls/xxkyPPkVcCsJOmMAhPTYbBIwRjmBvMiBdEpMUJqEpfxKj
Passed default
Passed all schemes flag
Passed all schemes + 2 slash flag
Passed all schemes + fragment flag
Passed all schemes + local flag
Passed all flags
HTTP:/:Ygp.net/YemQnhGE
Passed default
Passed all schemes flag
Passed all schemes + 2 slash flag
Passed all schemes + fragment flag
Passed all schemes + local flag
Passed all flags
http/:=6$#)@Nc xa*h,,30?&gt;I&lt;?:uV3UNfajds;kjdls/oF%:v8ph@)W$gRq=rv4f%&apos;/PCBO)lV+}
Passed default
Passed all schemes flag
Passed all schemes + 2 slash flag
Passed all schemes + fragment flag
Passed all schemes + local flag
Passed all flags
http/:pjJm:&quot;e!)y$kJ:TWdV}KtBvb\/57Koq{[.gov/KNNUNprrreRqwuZZewqUiFumpILph
Passed default
Passed all schemes flag
Passed all schemes + 2 slash flag
Passed all schemes + fragment flag
Passed all schemes + local flag
Passed all flags
$209321/:@1/Q$EgGjxTw/3//m&quot;EahkH{NlU!cM6s}xc`WKGx&amp;6s8dRMYY.com/
Passed default
Passed all schemes flag
Passed all schemes + 2 slash flag
Passed all schemes + fragment flag
Passed all schemes + local flag
Passed all flags
http   w2.F&amp;(QWN.net 
Passed default
Passed all schemes flag
Passed all schemes + 2 slash flag
Passed all schemes + fragment flag
Passed all schemes + local flag
Passed all flags
$209321//:.net/
Passed default
Passed all schemes flag
Passed all schemes + 2 slash flag
Passed all schemes + fragment flag
Passed all schemes + local flag
Passed all flags
http:/:zkzTYxD+sC-(uSvGERP%(a.com/PePG1He&gt;
Passed default
Passed all schemes flag
Passed all schemes + 2 slash flag
Passed all schemes + fragment flag
Passed all schemes + local flag
Passed all flags
http:/:k\Apti^).com/bomv$95u6fEIdAbei}%! uPz\xtg0UxUf|pGns?a6
Passed default
Passed all schemes flag
Passed all schemes + 2 slash flag
Passed all schemes + fragment flag
Passed all schemes + local flag
Passed all flags
https://e3W(rdML|h,3{9,syJcln](7$!&lt;&amp;caR&amp;O.com:wLqjgcuAFuaXJDpuYNboGdARVvkCqMMfYXdn
Passed default
</system-out>
  </testcase>
</testsuite>